Log started 05/22/2016 at 20:26:54
Preferred installation mode : win32
Trying to init installer in mode win32
Mode win32 successfully initialized
Preparing to Install
Preparing to Install
Creating directory C:\Users\Owner\Desktop\ti-cgt-pru_2.1.2
Unpacking files
Directory already exists: C:\Users\Owner\Desktop\ti-cgt-pru_2.1.2
Creating directory C:\Users\Owner\Desktop\ti-cgt-pru_2.1.2\lib
Creating directory C:\Users\Owner\Desktop\ti-cgt-pru_2.1.2\lib\src
Creating directory C:\Users\Owner\Desktop\ti-cgt-pru_2.1.2\example
Creating directory C:\Users\Owner\Desktop\ti-cgt-pru_2.1.2\include
Creating directory C:\Users\Owner\Desktop\ti-cgt-pru_2.1.2\bin
Creating directory C:\Users\Owner\Desktop\ti-cgt-pru_2.1.2\man
Creating directory C:\Users\Owner\Desktop\ti-cgt-pru_2.1.2\man\man1
Unpacking files
Unpacking C:\Users\Owner\Desktop\ti-cgt-pru_2.1.2\DefectHistory.txt
Unpacking C:\Users\Owner\Desktop\ti-cgt-pru_2.1.2\README.txt
Unpacking C:\Users\Owner\Desktop\ti-cgt-pru_2.1.2\SetupInCCSnRegistry.exe
Unpacking C:\Users\Owner\Desktop\ti-cgt-pru_2.1.2\RemoveRegistryKeys.exe
Unpacking C:\Users\Owner\Desktop\ti-cgt-pru_2.1.2\bin.cmd
Unpacking C:\Users\Owner\Desktop\ti-cgt-pru_2.1.2\LICENSE.txt
Unpacking C:\Users\Owner\Desktop\ti-cgt-pru_2.1.2\PRU_Code_Generation_Tools_2.1.x_manifest.html
Unpacking C:\Users\Owner\Desktop\ti-cgt-pru_2.1.2\PRU_CodeGen_Library_2.1_0222433C-30C1-442d-B5C6-2073BD97F80F.spdx.tag
Unpacking C:\Users\Owner\Desktop\ti-cgt-pru_2.1.2\lib\rtspruv3_be.lib
Unpacking C:\Users\Owner\Desktop\ti-cgt-pru_2.1.2\lib\mklib.c
Unpacking C:\Users\Owner\Desktop\ti-cgt-pru_2.1.2\lib\lnk.cmd
Unpacking C:\Users\Owner\Desktop\ti-cgt-pru_2.1.2\lib\libc.a
Unpacking C:\Users\Owner\Desktop\ti-cgt-pru_2.1.2\lib\rtspruv2_le.lib
Unpacking C:\Users\Owner\Desktop\ti-cgt-pru_2.1.2\lib\rtspruv1_le.lib
Unpacking C:\Users\Owner\Desktop\ti-cgt-pru_2.1.2\lib\rtspruv2_be.lib
Unpacking C:\Users\Owner\Desktop\ti-cgt-pru_2.1.2\lib\mklib.exe
Unpacking C:\Users\Owner\Desktop\ti-cgt-pru_2.1.2\lib\rtspruv3_le.lib
Unpacking C:\Users\Owner\Desktop\ti-cgt-pru_2.1.2\lib\RTS_2_1_2_Manifest.pdf
Unpacking C:\Users\Owner\Desktop\ti-cgt-pru_2.1.2\lib\rtspruv1_be.lib
Unpacking C:\Users\Owner\Desktop\ti-cgt-pru_2.1.2\lib\mklib
Unpacking C:\Users\Owner\Desktop\ti-cgt-pru_2.1.2\lib\src\divf.c
Unpacking C:\Users\Owner\Desktop\ti-cgt-pru_2.1.2\lib\src\streambuf
Unpacking C:\Users\Owner\Desktop\ti-cgt-pru_2.1.2\lib\src\s__alloc.c
Unpacking C:\Users\Owner\Desktop\ti-cgt-pru_2.1.2\lib\src\gef.c
Unpacking C:\Users\Owner\Desktop\ti-cgt-pru_2.1.2\lib\src\cvtdf.c
Unpacking C:\Users\Owner\Desktop\ti-cgt-pru_2.1.2\lib\src\fopen.c
Unpacking C:\Users\Owner\Desktop\ti-cgt-pru_2.1.2\lib\src\longdouble_config.h
Unpacking C:\Users\Owner\Desktop\ti-cgt-pru_2.1.2\lib\src\complex
Unpacking C:\Users\Owner\Desktop\ti-cgt-pru_2.1.2\lib\src\s_p__set.h
Unpacking C:\Users\Owner\Desktop\ti-cgt-pru_2.1.2\lib\src\ispunct.c
Unpacking C:\Users\Owner\Desktop\ti-cgt-pru_2.1.2\lib\src\locale
Unpacking C:\Users\Owner\Desktop\ti-cgt-pru_2.1.2\lib\src\coth.c
Unpacking C:\Users\Owner\Desktop\ti-cgt-pru_2.1.2\lib\src\s__rope.h
Unpacking C:\Users\Owner\Desktop\ti-cgt-pru_2.1.2\lib\src\vector
Unpacking C:\Users\Owner\Desktop\ti-cgt-pru_2.1.2\lib\src\addd.c
Unpacking C:\Users\Owner\Desktop\ti-cgt-pru_2.1.2\lib\src\strtoull.c
Unpacking C:\Users\Owner\Desktop\ti-cgt-pru_2.1.2\lib\src\s__monetary.h
Unpacking C:\Users\Owner\Desktop\ti-cgt-pru_2.1.2\lib\src\vla_alloc.cpp
Unpacking C:\Users\Owner\Desktop\ti-cgt-pru_2.1.2\lib\src\isupper.c
Unpacking C:\Users\Owner\Desktop\ti-cgt-pru_2.1.2\lib\src\s__ios.c
Unpacking C:\Users\Owner\Desktop\ti-cgt-pru_2.1.2\lib\src\strchr.c
Unpacking C:\Users\Owner\Desktop\ti-cgt-pru_2.1.2\lib\src\snprintf.c
Unpacking C:\Users\Owner\Desktop\ti-cgt-pru_2.1.2\lib\src\global.h
Unpacking C:\Users\Owner\Desktop\ti-cgt-pru_2.1.2\lib\src\strtok.c
Unpacking C:\Users\Owner\Desktop\ti-cgt-pru_2.1.2\lib\src\cargs.h
Unpacking C:\Users\Owner\Desktop\ti-cgt-pru_2.1.2\lib\src\atoi.c
Unpacking C:\Users\Owner\Desktop\ti-cgt-pru_2.1.2\lib\src\strrchr.c
Unpacking C:\Users\Owner\Desktop\ti-cgt-pru_2.1.2\lib\src\chunk.h
Unpacking C:\Users\Owner\Desktop\ti-cgt-pru_2.1.2\lib\src\s__relops_hash_cont.h
Unpacking C:\Users\Owner\Desktop\ti-cgt-pru_2.1.2\lib\src\memchr.c
Unpacking C:\Users\Owner\Desktop\ti-cgt-pru_2.1.2\lib\src\toupper.c
Unpacking C:\Users\Owner\Desktop\ti-cgt-pru_2.1.2\lib\src\ecvt.c
Unpacking C:\Users\Owner\Desktop\ti-cgt-pru_2.1.2\lib\src\strtoimax.c
Unpacking C:\Users\Owner\Desktop\ti-cgt-pru_2.1.2\lib\src\tan.c
Unpacking C:\Users\Owner\Desktop\ti-cgt-pru_2.1.2\lib\src\strerror.c
Unpacking C:\Users\Owner\Desktop\ti-cgt-pru_2.1.2\lib\src\toascii.c
Unpacking C:\Users\Owner\Desktop\ti-cgt-pru_2.1.2\lib\src\ltoa.c
Unpacking C:\Users\Owner\Desktop\ti-cgt-pru_2.1.2\lib\src\s__complex.c
Unpacking C:\Users\Owner\Desktop\ti-cgt-pru_2.1.2\lib\src\cpy_tbl.c
Unpacking C:\Users\Owner\Desktop\ti-cgt-pru_2.1.2\lib\src\unordered_map
Unpacking C:\Users\Owner\Desktop\ti-cgt-pru_2.1.2\lib\src\typeinfo
Unpacking C:\Users\Owner\Desktop\ti-cgt-pru_2.1.2\lib\src\strcat.c
Unpacking C:\Users\Owner\Desktop\ti-cgt-pru_2.1.2\lib\src\delnothrow.cpp
Unpacking C:\Users\Owner\Desktop\ti-cgt-pru_2.1.2\lib\src\cfloat
Unpacking C:\Users\Owner\Desktop\ti-cgt-pru_2.1.2\lib\src\cosh.c
Unpacking C:\Users\Owner\Desktop\ti-cgt-pru_2.1.2\lib\src\s__streambuf.h
Unpacking C:\Users\Owner\Desktop\ti-cgt-pru_2.1.2\lib\src\wcscmp.c
Unpacking C:\Users\Owner\Desktop\ti-cgt-pru_2.1.2\lib\src\array_new.cpp
Unpacking C:\Users\Owner\Desktop\ti-cgt-pru_2.1.2\lib\src\fixfli.c
Unpacking C:\Users\Owner\Desktop\ti-cgt-pru_2.1.2\lib\src\frcmpyf.h
Unpacking C:\Users\Owner\Desktop\ti-cgt-pru_2.1.2\lib\src\s__fstream.c
Unpacking C:\Users\Owner\Desktop\ti-cgt-pru_2.1.2\lib\src\s__pair.h
Unpacking C:\Users\Owner\Desktop\ti-cgt-pru_2.1.2\lib\src\sinf.c
Unpacking C:\Users\Owner\Desktop\ti-cgt-pru_2.1.2\lib\src\s_c_host.h
Unpacking C:\Users\Owner\Desktop\ti-cgt-pru_2.1.2\lib\src\atan.c
Unpacking C:\Users\Owner\Desktop\ti-cgt-pru_2.1.2\lib\src\fltud.c
Unpacking C:\Users\Owner\Desktop\ti-cgt-pru_2.1.2\lib\src\bzero.c
Unpacking C:\Users\Owner\Desktop\ti-cgt-pru_2.1.2\lib\src\s__hashtable.h
Unpacking C:\Users\Owner\Desktop\ti-cgt-pru_2.1.2\lib\src\exit.c
Unpacking C:\Users\Owner\Desktop\ti-cgt-pru_2.1.2\lib\src\s__string_hash.h
Unpacking C:\Users\Owner\Desktop\ti-cgt-pru_2.1.2\lib\src\acot.c
Unpacking C:\Users\Owner\Desktop\ti-cgt-pru_2.1.2\lib\src\fmodf.c
Unpacking C:\Users\Owner\Desktop\ti-cgt-pru_2.1.2\lib\src\log10.c
Unpacking C:\Users\Owner\Desktop\ti-cgt-pru_2.1.2\lib\src\slist
Unpacking C:\Users\Owner\Desktop\ti-cgt-pru_2.1.2\lib\src\_pthread.c
Unpacking C:\Users\Owner\Desktop\ti-cgt-pru_2.1.2\lib\src\ungetc.c
Unpacking C:\Users\Owner\Desktop\ti-cgt-pru_2.1.2\lib\src\localtim.c
Unpacking C:\Users\Owner\Desktop\ti-cgt-pru_2.1.2\lib\src\pthread_alloc
Unpacking C:\Users\Owner\Desktop\ti-cgt-pru_2.1.2\lib\src\s_d__debug.h
Unpacking C:\Users\Owner\Desktop\ti-cgt-pru_2.1.2\lib\src\s__config_compat_post.h
Unpacking C:\Users\Owner\Desktop\ti-cgt-pru_2.1.2\lib\src\atof.c
Unpacking C:\Users\Owner\Desktop\ti-cgt-pru_2.1.2\lib\src\sprintf.c
Unpacking C:\Users\Owner\Desktop\ti-cgt-pru_2.1.2\lib\src\fstream
Unpacking C:\Users\Owner\Desktop\ti-cgt-pru_2.1.2\lib\src\aligned_buffer.h
Unpacking C:\Users\Owner\Desktop\ti-cgt-pru_2.1.2\lib\src\new
Unpacking C:\Users\Owner\Desktop\ti-cgt-pru_2.1.2\lib\src\s__list.h
Unpacking C:\Users\Owner\Desktop\ti-cgt-pru_2.1.2\lib\src\fsetpos.c
Unpacking C:\Users\Owner\Desktop\ti-cgt-pru_2.1.2\lib\src\s__stdexcept_base.h
Unpacking C:\Users\Owner\Desktop\ti-cgt-pru_2.1.2\lib\src\s_c_features.h
Unpacking C:\Users\Owner\Desktop\ti-cgt-pru_2.1.2\lib\src\s__string_sum_methods.h
Unpacking C:\Users\Owner\Desktop\ti-cgt-pru_2.1.2\lib\src\file.h
Unpacking C:\Users\Owner\Desktop\ti-cgt-pru_2.1.2\lib\src\lef.c
Unpacking C:\Users\Owner\Desktop\ti-cgt-pru_2.1.2\lib\src\fgetpos.c
Unpacking C:\Users\Owner\Desktop\ti-cgt-pru_2.1.2\lib\src\cstdio
Unpacking C:\Users\Owner\Desktop\ti-cgt-pru_2.1.2\lib\src\powif_i.h
Unpacking C:\Users\Owner\Desktop\ti-cgt-pru_2.1.2\lib\src\format.h
Unpacking C:\Users\Owner\Desktop\ti-cgt-pru_2.1.2\lib\src\fixdlli.c
Unpacking C:\Users\Owner\Desktop\ti-cgt-pru_2.1.2\lib\src\fmodf_i.h
Unpacking C:\Users\Owner\Desktop\ti-cgt-pru_2.1.2\lib\src\ciso646
Unpacking C:\Users\Owner\Desktop\ti-cgt-pru_2.1.2\lib\src\printf.c
Unpacking C:\Users\Owner\Desktop\ti-cgt-pru_2.1.2\lib\src\cotf.c
Unpacking C:\Users\Owner\Desktop\ti-cgt-pru_2.1.2\lib\src\acos.c
Unpacking C:\Users\Owner\Desktop\ti-cgt-pru_2.1.2\lib\src\log2.c
Unpacking C:\Users\Owner\Desktop\ti-cgt-pru_2.1.2\lib\src\fgets.c
Unpacking C:\Users\Owner\Desktop\ti-cgt-pru_2.1.2\lib\src\fixdli.c
Unpacking C:\Users\Owner\Desktop\ti-cgt-pru_2.1.2\lib\src\_isfuncdef.h
Unpacking C:\Users\Owner\Desktop\ti-cgt-pru_2.1.2\lib\src\elfnames.h
Unpacking C:\Users\Owner\Desktop\ti-cgt-pru_2.1.2\lib\src\defines.h
Unpacking C:\Users\Owner\Desktop\ti-cgt-pru_2.1.2\lib\src\frcaddd.c
Unpacking C:\Users\Owner\Desktop\ti-cgt-pru_2.1.2\lib\src\renormf_i.h
Unpacking C:\Users\Owner\Desktop\ti-cgt-pru_2.1.2\lib\src\fixdu.c
Unpacking C:\Users\Owner\Desktop\ti-cgt-pru_2.1.2\lib\src\trgcio.h
Unpacking C:\Users\Owner\Desktop\ti-cgt-pru_2.1.2\lib\src\absd.c
Unpacking C:\Users\Owner\Desktop\ti-cgt-pru_2.1.2\lib\src\truncf.c
Unpacking C:\Users\Owner\Desktop\ti-cgt-pru_2.1.2\lib\src\s__exception.h
Unpacking C:\Users\Owner\Desktop\ti-cgt-pru_2.1.2\lib\src\bad_alloc.cpp
Unpacking C:\Users\Owner\Desktop\ti-cgt-pru_2.1.2\lib\src\acot2f_i.h
Unpacking C:\Users\Owner\Desktop\ti-cgt-pru_2.1.2\lib\src\memccpy.c
Unpacking C:\Users\Owner\Desktop\ti-cgt-pru_2.1.2\lib\src\s__string_npos.h
Unpacking C:\Users\Owner\Desktop\ti-cgt-pru_2.1.2\lib\src\s__ios_base.h
Unpacking C:\Users\Owner\Desktop\ti-cgt-pru_2.1.2\lib\src\atanhf.c
Unpacking C:\Users\Owner\Desktop\ti-cgt-pru_2.1.2\lib\src\eh.h
Unpacking C:\Users\Owner\Desktop\ti-cgt-pru_2.1.2\lib\src\asinf.c
Unpacking C:\Users\Owner\Desktop\ti-cgt-pru_2.1.2\lib\src\isfinite.c
Unpacking C:\Users\Owner\Desktop\ti-cgt-pru_2.1.2\lib\src\s__stdexcept.h
Unpacking C:\Users\Owner\Desktop\ti-cgt-pru_2.1.2\lib\src\log10f_i.h
Unpacking C:\Users\Owner\Desktop\ti-cgt-pru_2.1.2\lib\src\stdbool.h
Unpacking C:\Users\Owner\Desktop\ti-cgt-pru_2.1.2\lib\src\exp10f_i.h
Unpacking C:\Users\Owner\Desktop\ti-cgt-pru_2.1.2\lib\src\stdio_streambuf.cpp
Unpacking C:\Users\Owner\Desktop\ti-cgt-pru_2.1.2\lib\src\sscanf.c
Unpacking C:\Users\Owner\Desktop\ti-cgt-pru_2.1.2\lib\src\isnormalf.c
Unpacking C:\Users\Owner\Desktop\ti-cgt-pru_2.1.2\lib\src\renormf.h
Unpacking C:\Users\Owner\Desktop\ti-cgt-pru_2.1.2\lib\src\s__iterator.h
Unpacking C:\Users\Owner\Desktop\ti-cgt-pru_2.1.2\lib\src\modff_i.h
Unpacking C:\Users\Owner\Desktop\ti-cgt-pru_2.1.2\lib\src\time.c
Unpacking C:\Users\Owner\Desktop\ti-cgt-pru_2.1.2\lib\src\s__threads.h
Unpacking C:\Users\Owner\Desktop\ti-cgt-pru_2.1.2\lib\src\s__unordered_set.h
Unpacking C:\Users\Owner\Desktop\ti-cgt-pru_2.1.2\lib\src\tanf.c
Unpacking C:\Users\Owner\Desktop\ti-cgt-pru_2.1.2\lib\src\trunc.c
Unpacking C:\Users\Owner\Desktop\ti-cgt-pru_2.1.2\lib\src\basics.h
Unpacking C:\Users\Owner\Desktop\ti-cgt-pru_2.1.2\lib\src\fputs.c
Unpacking C:\Users\Owner\Desktop\ti-cgt-pru_2.1.2\lib\src\s__slist_base.h
Unpacking C:\Users\Owner\Desktop\ti-cgt-pru_2.1.2\lib\src\coshf.c
Unpacking C:\Users\Owner\Desktop\ti-cgt-pru_2.1.2\lib\src\fltulf.c
Unpacking C:\Users\Owner\Desktop\ti-cgt-pru_2.1.2\lib\src\s__raw_storage_iter.h
Unpacking C:\Users\Owner\Desktop\ti-cgt-pru_2.1.2\lib\src\map
Unpacking C:\Users\Owner\Desktop\ti-cgt-pru_2.1.2\lib\src\ftell.c
Unpacking C:\Users\Owner\Desktop\ti-cgt-pru_2.1.2\lib\src\isalnum.c
Unpacking C:\Users\Owner\Desktop\ti-cgt-pru_2.1.2\lib\src\_dtor_list.h
Unpacking C:\Users\Owner\Desktop\ti-cgt-pru_2.1.2\lib\src\error.h
Unpacking C:\Users\Owner\Desktop\ti-cgt-pru_2.1.2\lib\src\divu_c.c
Unpacking C:\Users\Owner\Desktop\ti-cgt-pru_2.1.2\lib\src\ceilf_i.h
Unpacking C:\Users\Owner\Desktop\ti-cgt-pru_2.1.2\lib\src\iostream
Unpacking C:\Users\Owner\Desktop\ti-cgt-pru_2.1.2\lib\src\s__iosfwd.h
Unpacking C:\Users\Owner\Desktop\ti-cgt-pru_2.1.2\lib\src\s__function_adaptors.h
Unpacking C:\Users\Owner\Desktop\ti-cgt-pru_2.1.2\lib\src\s__strstream.h
Unpacking C:\Users\Owner\Desktop\ti-cgt-pru_2.1.2\lib\src\s__ctime.h
Unpacking C:\Users\Owner\Desktop\ti-cgt-pru_2.1.2\lib\src\cxxabi.h
Unpacking C:\Users\Owner\Desktop\ti-cgt-pru_2.1.2\lib\src\codecvt.cpp
Unpacking C:\Users\Owner\Desktop\ti-cgt-pru_2.1.2\lib\src\iostream.cpp
Unpacking C:\Users\Owner\Desktop\ti-cgt-pru_2.1.2\lib\src\asinhf.c
Unpacking C:\Users\Owner\Desktop\ti-cgt-pru_2.1.2\lib\src\delete.cpp
Unpacking C:\Users\Owner\Desktop\ti-cgt-pru_2.1.2\lib\src\atanhf_i.h
Unpacking C:\Users\Owner\Desktop\ti-cgt-pru_2.1.2\lib\src\multibyte.c
Unpacking C:\Users\Owner\Desktop\ti-cgt-pru_2.1.2\lib\src\_stdio_file.h
Unpacking C:\Users\Owner\Desktop\ti-cgt-pru_2.1.2\lib\src\_data_synch.c
Unpacking C:\Users\Owner\Desktop\ti-cgt-pru_2.1.2\lib\src\negd.c
Unpacking C:\Users\Owner\Desktop\ti-cgt-pru_2.1.2\lib\src\s__tree.c
Unpacking C:\Users\Owner\Desktop\ti-cgt-pru_2.1.2\lib\src\copy_decompress_rle.c
Unpacking C:\Users\Owner\Desktop\ti-cgt-pru_2.1.2\lib\src\fixfu.c
Unpacking C:\Users\Owner\Desktop\ti-cgt-pru_2.1.2\lib\src\s__cwctype.h
Unpacking C:\Users\Owner\Desktop\ti-cgt-pru_2.1.2\lib\src\lldiv.c
Unpacking C:\Users\Owner\Desktop\ti-cgt-pru_2.1.2\lib\src\perror.c
Unpacking C:\Users\Owner\Desktop\ti-cgt-pru_2.1.2\lib\src\placedel.cpp
Unpacking C:\Users\Owner\Desktop\ti-cgt-pru_2.1.2\lib\src\s__cmath.h
Unpacking C:\Users\Owner\Desktop\ti-cgt-pru_2.1.2\lib\src\numpunct.cpp
Unpacking C:\Users\Owner\Desktop\ti-cgt-pru_2.1.2\lib\src\facets_byname.cpp
Unpacking C:\Users\Owner\Desktop\ti-cgt-pru_2.1.2\lib\src\stddef.h
Unpacking C:\Users\Owner\Desktop\ti-cgt-pru_2.1.2\lib\src\wchar.h
Unpacking C:\Users\Owner\Desktop\ti-cgt-pru_2.1.2\lib\src\pru_math.h
Unpacking C:\Users\Owner\Desktop\ti-cgt-pru_2.1.2\lib\src\vtbl.h
Unpacking C:\Users\Owner\Desktop\ti-cgt-pru_2.1.2\lib\src\s__hashtable.c
Unpacking C:\Users\Owner\Desktop\ti-cgt-pru_2.1.2\lib\src\cerrno
Unpacking C:\Users\Owner\Desktop\ti-cgt-pru_2.1.2\lib\src\strxfrm.c
Unpacking C:\Users\Owner\Desktop\ti-cgt-pru_2.1.2\lib\src\s__deque.h
Unpacking C:\Users\Owner\Desktop\ti-cgt-pru_2.1.2\lib\src\time.h
Unpacking C:\Users\Owner\Desktop\ti-cgt-pru_2.1.2\lib\src\bcopy.c
Unpacking C:\Users\Owner\Desktop\ti-cgt-pru_2.1.2\lib\src\vla_alloc.h
Unpacking C:\Users\Owner\Desktop\ti-cgt-pru_2.1.2\lib\src\fixdull.c
Unpacking C:\Users\Owner\Desktop\ti-cgt-pru_2.1.2\lib\src\_mutex.c
Unpacking C:\Users\Owner\Desktop\ti-cgt-pru_2.1.2\lib\src\addf_i.h
Unpacking C:\Users\Owner\Desktop\ti-cgt-pru_2.1.2\lib\src\exp2.c
Unpacking C:\Users\Owner\Desktop\ti-cgt-pru_2.1.2\lib\src\trgmsg.c
Unpacking C:\Users\Owner\Desktop\ti-cgt-pru_2.1.2\lib\src\ldiv.c
Unpacking C:\Users\Owner\Desktop\ti-cgt-pru_2.1.2\lib\src\strcoll.c
Unpacking C:\Users\Owner\Desktop\ti-cgt-pru_2.1.2\lib\src\mpyi.c
Unpacking C:\Users\Owner\Desktop\ti-cgt-pru_2.1.2\lib\src\signal.h
Unpacking C:\Users\Owner\Desktop\ti-cgt-pru_2.1.2\lib\src\s__num_get.h
Unpacking C:\Users\Owner\Desktop\ti-cgt-pru_2.1.2\lib\src\mpyf_i.h
Unpacking C:\Users\Owner\Desktop\ti-cgt-pru_2.1.2\lib\src\ieeef.h
Unpacking C:\Users\Owner\Desktop\ti-cgt-pru_2.1.2\lib\src\wchar.c
Unpacking C:\Users\Owner\Desktop\ti-cgt-pru_2.1.2\lib\src\fabsf_i.h
Unpacking C:\Users\Owner\Desktop\ti-cgt-pru_2.1.2\lib\src\complex.cpp
Unpacking C:\Users\Owner\Desktop\ti-cgt-pru_2.1.2\lib\src\mktime.c
Unpacking C:\Users\Owner\Desktop\ti-cgt-pru_2.1.2\lib\src\islower.c
Unpacking C:\Users\Owner\Desktop\ti-cgt-pru_2.1.2\lib\src\float.h
Unpacking C:\Users\Owner\Desktop\ti-cgt-pru_2.1.2\lib\src\s__ctraits_fns.h
Unpacking C:\Users\Owner\Desktop\ti-cgt-pru_2.1.2\lib\src\leqf_i.h
Unpacking C:\Users\Owner\Desktop\ti-cgt-pru_2.1.2\lib\src\ltf.c
Unpacking C:\Users\Owner\Desktop\ti-cgt-pru_2.1.2\lib\src\algorithm
Unpacking C:\Users\Owner\Desktop\ti-cgt-pru_2.1.2\lib\src\setjmp.asm
Unpacking C:\Users\Owner\Desktop\ti-cgt-pru_2.1.2\lib\src\utility
Unpacking C:\Users\Owner\Desktop\ti-cgt-pru_2.1.2\lib\src\acosf.c
Unpacking C:\Users\Owner\Desktop\ti-cgt-pru_2.1.2\lib\src\exception
Unpacking C:\Users\Owner\Desktop\ti-cgt-pru_2.1.2\lib\src\ieeed.h
Unpacking C:\Users\Owner\Desktop\ti-cgt-pru_2.1.2\lib\src\tmpnam.c
Unpacking C:\Users\Owner\Desktop\ti-cgt-pru_2.1.2\lib\src\wmemset.c
Unpacking C:\Users\Owner\Desktop\ti-cgt-pru_2.1.2\lib\src\linkage.h
Unpacking C:\Users\Owner\Desktop\ti-cgt-pru_2.1.2\lib\src\s_p__list.h
Unpacking C:\Users\Owner\Desktop\ti-cgt-pru_2.1.2\lib\src\hash_map
Unpacking C:\Users\Owner\Desktop\ti-cgt-pru_2.1.2\lib\src\fpclassifyf.c
Unpacking C:\Users\Owner\Desktop\ti-cgt-pru_2.1.2\lib\src\fwrite.c
Unpacking C:\Users\Owner\Desktop\ti-cgt-pru_2.1.2\lib\src\fflush.c
Unpacking C:\Users\Owner\Desktop\ti-cgt-pru_2.1.2\lib\src\strcspn.c
Unpacking C:\Users\Owner\Desktop\ti-cgt-pru_2.1.2\lib\src\iosfwd
Unpacking C:\Users\Owner\Desktop\ti-cgt-pru_2.1.2\lib\src\s__slist.c
Unpacking C:\Users\Owner\Desktop\ti-cgt-pru_2.1.2\lib\src\isxdigit.c
Unpacking C:\Users\Owner\Desktop\ti-cgt-pru_2.1.2\lib\src\strncpy.c
Unpacking C:\Users\Owner\Desktop\ti-cgt-pru_2.1.2\lib\src\s_char_traits.h
Unpacking C:\Users\Owner\Desktop\ti-cgt-pru_2.1.2\lib\src\feof.c
Unpacking C:\Users\Owner\Desktop\ti-cgt-pru_2.1.2\lib\src\typeinfo_.cpp
Unpacking C:\Users\Owner\Desktop\ti-cgt-pru_2.1.2\lib\src\s_concept_checks.h
Unpacking C:\Users\Owner\Desktop\ti-cgt-pru_2.1.2\lib\src\s__map.h
Unpacking C:\Users\Owner\Desktop\ti-cgt-pru_2.1.2\lib\src\complex_io.cpp
Unpacking C:\Users\Owner\Desktop\ti-cgt-pru_2.1.2\lib\src\fputc.c
Unpacking C:\Users\Owner\Desktop\ti-cgt-pru_2.1.2\lib\src\frcdivd.h
Unpacking C:\Users\Owner\Desktop\ti-cgt-pru_2.1.2\lib\src\frcmpyd.c
Unpacking C:\Users\Owner\Desktop\ti-cgt-pru_2.1.2\lib\src\_scanfi_nf.c
Unpacking C:\Users\Owner\Desktop\ti-cgt-pru_2.1.2\lib\src\fltllid.c
Unpacking C:\Users\Owner\Desktop\ti-cgt-pru_2.1.2\lib\src\strtol.c
Unpacking C:\Users\Owner\Desktop\ti-cgt-pru_2.1.2\lib\src\_scanfi.c
Unpacking C:\Users\Owner\Desktop\ti-cgt-pru_2.1.2\lib\src\ged.c
Unpacking C:\Users\Owner\Desktop\ti-cgt-pru_2.1.2\lib\src\array_del.cpp
Unpacking C:\Users\Owner\Desktop\ti-cgt-pru_2.1.2\lib\src\exp.c
Unpacking C:\Users\Owner\Desktop\ti-cgt-pru_2.1.2\lib\src\s__cctype.h
Unpacking C:\Users\Owner\Desktop\ti-cgt-pru_2.1.2\lib\src\s__iterator_base.h
Unpacking C:\Users\Owner\Desktop\ti-cgt-pru_2.1.2\lib\src\wcsncmp.c
Unpacking C:\Users\Owner\Desktop\ti-cgt-pru_2.1.2\lib\src\strtoumax.c
Unpacking C:\Users\Owner\Desktop\ti-cgt-pru_2.1.2\lib\src\placenew.cpp
Unpacking C:\Users\Owner\Desktop\ti-cgt-pru_2.1.2\lib\src\cmpd.c
Unpacking C:\Users\Owner\Desktop\ti-cgt-pru_2.1.2\lib\src\s__algo.h
Unpacking C:\Users\Owner\Desktop\ti-cgt-pru_2.1.2\lib\src\hash_set
Unpacking C:\Users\Owner\Desktop\ti-cgt-pru_2.1.2\lib\src\powf.c
Unpacking C:\Users\Owner\Desktop\ti-cgt-pru_2.1.2\lib\src\stlport_prefix.h
Unpacking C:\Users\Owner\Desktop\ti-cgt-pru_2.1.2\lib\src\string.h
Unpacking C:\Users\Owner\Desktop\ti-cgt-pru_2.1.2\lib\src\fprintf.c
Unpacking C:\Users\Owner\Desktop\ti-cgt-pru_2.1.2\lib\src\s__heap.c
Unpacking C:\Users\Owner\Desktop\ti-cgt-pru_2.1.2\lib\src\divf_i.h
Unpacking C:\Users\Owner\Desktop\ti-cgt-pru_2.1.2\lib\src\fclose.c
Unpacking C:\Users\Owner\Desktop\ti-cgt-pru_2.1.2\lib\src\t_fstream_stdio.c
Unpacking C:\Users\Owner\Desktop\ti-cgt-pru_2.1.2\lib\src\index.c
Unpacking C:\Users\Owner\Desktop\ti-cgt-pru_2.1.2\lib\src\cwchar
Unpacking C:\Users\Owner\Desktop\ti-cgt-pru_2.1.2\lib\src\acosh.c
Unpacking C:\Users\Owner\Desktop\ti-cgt-pru_2.1.2\lib\src\neqf_i.h
Unpacking C:\Users\Owner\Desktop\ti-cgt-pru_2.1.2\lib\src\s__codecvt.h
Unpacking C:\Users\Owner\Desktop\ti-cgt-pru_2.1.2\lib\src\inttypes.h
Unpacking C:\Users\Owner\Desktop\ti-cgt-pru_2.1.2\lib\src\strings.h
Unpacking C:\Users\Owner\Desktop\ti-cgt-pru_2.1.2\lib\src\fixful.c
Unpacking C:\Users\Owner\Desktop\ti-cgt-pru_2.1.2\lib\src\csignal
Unpacking C:\Users\Owner\Desktop\ti-cgt-pru_2.1.2\lib\src\s__limits.h
Unpacking C:\Users\Owner\Desktop\ti-cgt-pru_2.1.2\lib\src\s__unordered_map.h
Unpacking C:\Users\Owner\Desktop\ti-cgt-pru_2.1.2\lib\src\errno.c
Unpacking C:\Users\Owner\Desktop\ti-cgt-pru_2.1.2\lib\src\frcaddf.h
Unpacking C:\Users\Owner\Desktop\ti-cgt-pru_2.1.2\lib\src\fread.c
Unpacking C:\Users\Owner\Desktop\ti-cgt-pru_2.1.2\lib\src\runtime.h
Unpacking C:\Users\Owner\Desktop\ti-cgt-pru_2.1.2\lib\src\s__numpunct.h
Unpacking C:\Users\Owner\Desktop\ti-cgt-pru_2.1.2\lib\src\ffs.c
Unpacking C:\Users\Owner\Desktop\ti-cgt-pru_2.1.2\lib\src\subd.c
Unpacking C:\Users\Owner\Desktop\ti-cgt-pru_2.1.2\lib\src\isspace.c
Unpacking C:\Users\Owner\Desktop\ti-cgt-pru_2.1.2\lib\src\bcmp.c
Unpacking C:\Users\Owner\Desktop\ti-cgt-pru_2.1.2\lib\src\s__num_put.c
Unpacking C:\Users\Owner\Desktop\ti-cgt-pru_2.1.2\lib\src\fltif.c
Unpacking C:\Users\Owner\Desktop\ti-cgt-pru_2.1.2\lib\src\boot_special.c
Unpacking C:\Users\Owner\Desktop\ti-cgt-pru_2.1.2\lib\src\frexpf_i.h
Unpacking C:\Users\Owner\Desktop\ti-cgt-pru_2.1.2\lib\src\strtod.c
Unpacking C:\Users\Owner\Desktop\ti-cgt-pru_2.1.2\lib\src\sinit.c
Unpacking C:\Users\Owner\Desktop\ti-cgt-pru_2.1.2\lib\src\s_c_compat.h
Unpacking C:\Users\Owner\Desktop\ti-cgt-pru_2.1.2\lib\src\rsqrtf.c
Unpacking C:\Users\Owner\Desktop\ti-cgt-pru_2.1.2\lib\src\led.c
Unpacking C:\Users\Owner\Desktop\ti-cgt-pru_2.1.2\lib\src\cosf.c
Unpacking C:\Users\Owner\Desktop\ti-cgt-pru_2.1.2\lib\src\cwctype
Unpacking C:\Users\Owner\Desktop\ti-cgt-pru_2.1.2\lib\src\sqrtf_i.h
Unpacking C:\Users\Owner\Desktop\ti-cgt-pru_2.1.2\lib\src\frexp.c
Unpacking C:\Users\Owner\Desktop\ti-cgt-pru_2.1.2\lib\src\ctype.h
Unpacking C:\Users\Owner\Desktop\ti-cgt-pru_2.1.2\lib\src\divd.c
Unpacking C:\Users\Owner\Desktop\ti-cgt-pru_2.1.2\lib\src\s__stlport_version.h
Unpacking C:\Users\Owner\Desktop\ti-cgt-pru_2.1.2\lib\src\cvtfd.c
Unpacking C:\Users\Owner\Desktop\ti-cgt-pru_2.1.2\lib\src\tolower.c
Unpacking C:\Users\Owner\Desktop\ti-cgt-pru_2.1.2\lib\src\s__uninitialized.h
Unpacking C:\Users\Owner\Desktop\ti-cgt-pru_2.1.2\lib\src\stdlib.h
Unpacking C:\Users\Owner\Desktop\ti-cgt-pru_2.1.2\lib\src\rtti.cpp
Unpacking C:\Users\Owner\Desktop\ti-cgt-pru_2.1.2\lib\src\truncf_i.h
Unpacking C:\Users\Owner\Desktop\ti-cgt-pru_2.1.2\lib\src\strtold.c
Unpacking C:\Users\Owner\Desktop\ti-cgt-pru_2.1.2\lib\src\double_config.h
Unpacking C:\Users\Owner\Desktop\ti-cgt-pru_2.1.2\lib\src\fixfx_i.h
Unpacking C:\Users\Owner\Desktop\ti-cgt-pru_2.1.2\lib\src\exp10f.c
Unpacking C:\Users\Owner\Desktop\ti-cgt-pru_2.1.2\lib\src\s_c_stl_confix.h
Unpacking C:\Users\Owner\Desktop\ti-cgt-pru_2.1.2\lib\src\s__move_construct_fwk.h
Unpacking C:\Users\Owner\Desktop\ti-cgt-pru_2.1.2\lib\src\tanhf.c
Unpacking C:\Users\Owner\Desktop\ti-cgt-pru_2.1.2\lib\src\s__time_facets.h
Unpacking C:\Users\Owner\Desktop\ti-cgt-pru_2.1.2\lib\src\e_typeinfo
Unpacking C:\Users\Owner\Desktop\ti-cgt-pru_2.1.2\lib\src\sinhf.c
Unpacking C:\Users\Owner\Desktop\ti-cgt-pru_2.1.2\lib\src\_lock.c
Unpacking C:\Users\Owner\Desktop\ti-cgt-pru_2.1.2\lib\src\fabs.c
Unpacking C:\Users\Owner\Desktop\ti-cgt-pru_2.1.2\lib\src\wcslen.c
Unpacking C:\Users\Owner\Desktop\ti-cgt-pru_2.1.2\lib\src\eqlf.c
Unpacking C:\Users\Owner\Desktop\ti-cgt-pru_2.1.2\lib\src\climits
Unpacking C:\Users\Owner\Desktop\ti-cgt-pru_2.1.2\lib\src\cstdlib
Unpacking C:\Users\Owner\Desktop\ti-cgt-pru_2.1.2\lib\src\logf.c
Unpacking C:\Users\Owner\Desktop\ti-cgt-pru_2.1.2\lib\src\s__cstdio.h
Unpacking C:\Users\Owner\Desktop\ti-cgt-pru_2.1.2\lib\src\wctype.h
Unpacking C:\Users\Owner\Desktop\ti-cgt-pru_2.1.2\lib\src\atanf_i.h
Unpacking C:\Users\Owner\Desktop\ti-cgt-pru_2.1.2\lib\src\atol.c
Unpacking C:\Users\Owner\Desktop\ti-cgt-pru_2.1.2\lib\src\strcmp.c
Unpacking C:\Users\Owner\Desktop\ti-cgt-pru_2.1.2\lib\src\neqlf.c
Unpacking C:\Users\Owner\Desktop\ti-cgt-pru_2.1.2\lib\src\fstream.cpp
Unpacking C:\Users\Owner\Desktop\ti-cgt-pru_2.1.2\lib\src\isfinitef_i.h
Unpacking C:\Users\Owner\Desktop\ti-cgt-pru_2.1.2\lib\src\set
Unpacking C:\Users\Owner\Desktop\ti-cgt-pru_2.1.2\lib\src\ltd.c
Unpacking C:\Users\Owner\Desktop\ti-cgt-pru_2.1.2\lib\src\gmtime.c
Unpacking C:\Users\Owner\Desktop\ti-cgt-pru_2.1.2\lib\src\syntf.h
Unpacking C:\Users\Owner\Desktop\ti-cgt-pru_2.1.2\lib\src\fltlif.c
Unpacking C:\Users\Owner\Desktop\ti-cgt-pru_2.1.2\lib\src\_pthread.h
Unpacking C:\Users\Owner\Desktop\ti-cgt-pru_2.1.2\lib\src\ldexpf_i.h
Unpacking C:\Users\Owner\Desktop\ti-cgt-pru_2.1.2\lib\src\s__sstream.h
Unpacking C:\Users\Owner\Desktop\ti-cgt-pru_2.1.2\lib\src\time_facets.cpp
Unpacking C:\Users\Owner\Desktop\ti-cgt-pru_2.1.2\lib\src\memory
Unpacking C:\Users\Owner\Desktop\ti-cgt-pru_2.1.2\lib\src\bitset
Unpacking C:\Users\Owner\Desktop\ti-cgt-pru_2.1.2\lib\src\guard.cpp
Unpacking C:\Users\Owner\Desktop\ti-cgt-pru_2.1.2\lib\src\limits.h
Unpacking C:\Users\Owner\Desktop\ti-cgt-pru_2.1.2\lib\src\s__valarray.c
Unpacking C:\Users\Owner\Desktop\ti-cgt-pru_2.1.2\lib\src\asri.c
Unpacking C:\Users\Owner\Desktop\ti-cgt-pru_2.1.2\lib\src\strncat.c
Unpacking C:\Users\Owner\Desktop\ti-cgt-pru_2.1.2\lib\src\frexp2_i.h
Unpacking C:\Users\Owner\Desktop\ti-cgt-pru_2.1.2\lib\src\strdup.c
Unpacking C:\Users\Owner\Desktop\ti-cgt-pru_2.1.2\lib\src\cmath
Unpacking C:\Users\Owner\Desktop\ti-cgt-pru_2.1.2\lib\src\s__bitset.h
Unpacking C:\Users\Owner\Desktop\ti-cgt-pru_2.1.2\lib\src\s__string_fwd.h
Unpacking C:\Users\Owner\Desktop\ti-cgt-pru_2.1.2\lib\src\divi_c.c
Unpacking C:\Users\Owner\Desktop\ti-cgt-pru_2.1.2\lib\src\num_put.cpp
Unpacking C:\Users\Owner\Desktop\ti-cgt-pru_2.1.2\lib\src\s__iterator_old.h
Unpacking C:\Users\Owner\Desktop\ti-cgt-pru_2.1.2\lib\src\remi_c.c
Unpacking C:\Users\Owner\Desktop\ti-cgt-pru_2.1.2\lib\src\fscanf.c
Unpacking C:\Users\Owner\Desktop\ti-cgt-pru_2.1.2\lib\src\Makefile
Unpacking C:\Users\Owner\Desktop\ti-cgt-pru_2.1.2\lib\src\cstdarg
Unpacking C:\Users\Owner\Desktop\ti-cgt-pru_2.1.2\lib\src\bsearch.c
Unpacking C:\Users\Owner\Desktop\ti-cgt-pru_2.1.2\lib\src\memzero.cpp
Unpacking C:\Users\Owner\Desktop\ti-cgt-pru_2.1.2\lib\src\frcmpyf2_i.h
Unpacking C:\Users\Owner\Desktop\ti-cgt-pru_2.1.2\lib\src\s__fstream.h
Unpacking C:\Users\Owner\Desktop\ti-cgt-pru_2.1.2\lib\src\s__threads.c
Unpacking C:\Users\Owner\Desktop\ti-cgt-pru_2.1.2\lib\src\s__function.h
Unpacking C:\Users\Owner\Desktop\ti-cgt-pru_2.1.2\lib\src\ctime
Unpacking C:\Users\Owner\Desktop\ti-cgt-pru_2.1.2\lib\src\isgraph.c
Unpacking C:\Users\Owner\Desktop\ti-cgt-pru_2.1.2\lib\src\cot.c
Unpacking C:\Users\Owner\Desktop\ti-cgt-pru_2.1.2\lib\src\sin.c
Unpacking C:\Users\Owner\Desktop\ti-cgt-pru_2.1.2\lib\src\isnan.c
Unpacking C:\Users\Owner\Desktop\ti-cgt-pru_2.1.2\lib\src\negf.c
Unpacking C:\Users\Owner\Desktop\ti-cgt-pru_2.1.2\lib\src\s__epilog.h
Unpacking C:\Users\Owner\Desktop\ti-cgt-pru_2.1.2\lib\src\messages.cpp
Unpacking C:\Users\Owner\Desktop\ti-cgt-pru_2.1.2\lib\src\fltuld.c
Unpacking C:\Users\Owner\Desktop\ti-cgt-pru_2.1.2\lib\src\difftime.c
Unpacking C:\Users\Owner\Desktop\ti-cgt-pru_2.1.2\lib\src\wmemmove.c
Unpacking C:\Users\Owner\Desktop\ti-cgt-pru_2.1.2\lib\src\wmemcpy.c
Unpacking C:\Users\Owner\Desktop\ti-cgt-pru_2.1.2\lib\src\sinh.c
Unpacking C:\Users\Owner\Desktop\ti-cgt-pru_2.1.2\lib\src\s_c_locale.h
Unpacking C:\Users\Owner\Desktop\ti-cgt-pru_2.1.2\lib\src\syntd.h
Unpacking C:\Users\Owner\Desktop\ti-cgt-pru_2.1.2\lib\src\s__stdexcept_base.c
Unpacking C:\Users\Owner\Desktop\ti-cgt-pru_2.1.2\lib\src\strncasecmp.c
Unpacking C:\Users\Owner\Desktop\ti-cgt-pru_2.1.2\lib\src\cstring
Unpacking C:\Users\Owner\Desktop\ti-cgt-pru_2.1.2\lib\src\wmemcmp.c
Unpacking C:\Users\Owner\Desktop\ti-cgt-pru_2.1.2\lib\src\s__collate.h
Unpacking C:\Users\Owner\Desktop\ti-cgt-pru_2.1.2\lib\src\type_traits
Unpacking C:\Users\Owner\Desktop\ti-cgt-pru_2.1.2\lib\src\stack
Unpacking C:\Users\Owner\Desktop\ti-cgt-pru_2.1.2\lib\src\frcaddf.c
Unpacking C:\Users\Owner\Desktop\ti-cgt-pru_2.1.2\lib\src\wctype.c
Unpacking C:\Users\Owner\Desktop\ti-cgt-pru_2.1.2\lib\src\dll_main.cpp
Unpacking C:\Users\Owner\Desktop\ti-cgt-pru_2.1.2\lib\src\mathl.h
Unpacking C:\Users\Owner\Desktop\ti-cgt-pru_2.1.2\lib\src\setvbuf.c
Unpacking C:\Users\Owner\Desktop\ti-cgt-pru_2.1.2\lib\src\rindex.c
Unpacking C:\Users\Owner\Desktop\ti-cgt-pru_2.1.2\lib\src\asinhf_i.h
Unpacking C:\Users\Owner\Desktop\ti-cgt-pru_2.1.2\lib\src\isinff.c
Unpacking C:\Users\Owner\Desktop\ti-cgt-pru_2.1.2\lib\src\absf.c
Unpacking C:\Users\Owner\Desktop\ti-cgt-pru_2.1.2\lib\src\isfinitef.c
Unpacking C:\Users\Owner\Desktop\ti-cgt-pru_2.1.2\lib\src\ldexpf.c
Unpacking C:\Users\Owner\Desktop\ti-cgt-pru_2.1.2\lib\src\atanf.c
Unpacking C:\Users\Owner\Desktop\ti-cgt-pru_2.1.2\lib\src\locale_catalog.cpp
Unpacking C:\Users\Owner\Desktop\ti-cgt-pru_2.1.2\lib\src\acoshf.c
Unpacking C:\Users\Owner\Desktop\ti-cgt-pru_2.1.2\lib\src\clocale
Unpacking C:\Users\Owner\Desktop\ti-cgt-pru_2.1.2\lib\src\monetary.cpp
Unpacking C:\Users\Owner\Desktop\ti-cgt-pru_2.1.2\lib\src\geqf_i.h
Unpacking C:\Users\Owner\Desktop\ti-cgt-pru_2.1.2\lib\src\memmov.c
Unpacking C:\Users\Owner\Desktop\ti-cgt-pru_2.1.2\lib\src\strstr.c
Unpacking C:\Users\Owner\Desktop\ti-cgt-pru_2.1.2\lib\src\fpclassify.c
Unpacking C:\Users\Owner\Desktop\ti-cgt-pru_2.1.2\lib\src\rtti.h
Unpacking C:\Users\Owner\Desktop\ti-cgt-pru_2.1.2\lib\src\s__bvector.h
Unpacking C:\Users\Owner\Desktop\ti-cgt-pru_2.1.2\lib\src\s__range_errors.h
Unpacking C:\Users\Owner\Desktop\ti-cgt-pru_2.1.2\lib\src\queue
Unpacking C:\Users\Owner\Desktop\ti-cgt-pru_2.1.2\lib\src\s__istream.h
Unpacking C:\Users\Owner\Desktop\ti-cgt-pru_2.1.2\lib\src\powf_i.h
Unpacking C:\Users\Owner\Desktop\ti-cgt-pru_2.1.2\lib\src\gtrf_i.h
Unpacking C:\Users\Owner\Desktop\ti-cgt-pru_2.1.2\lib\src\s__mbstate_t.h
Unpacking C:\Users\Owner\Desktop\ti-cgt-pru_2.1.2\lib\src\ios
Unpacking C:\Users\Owner\Desktop\ti-cgt-pru_2.1.2\lib\src\ostream.cpp
Unpacking C:\Users\Owner\Desktop\ti-cgt-pru_2.1.2\lib\src\newhandler.cpp
Unpacking C:\Users\Owner\Desktop\ti-cgt-pru_2.1.2\lib\src\s__string.h
Unpacking C:\Users\Owner\Desktop\ti-cgt-pru_2.1.2\lib\src\math_ld.h
Unpacking C:\Users\Owner\Desktop\ti-cgt-pru_2.1.2\lib\src\s__stack.h
Unpacking C:\Users\Owner\Desktop\ti-cgt-pru_2.1.2\lib\src\dtor_list.h
Unpacking C:\Users\Owner\Desktop\ti-cgt-pru_2.1.2\lib\src\floorf.c
Unpacking C:\Users\Owner\Desktop\ti-cgt-pru_2.1.2\lib\src\stdio_streambuf.h
Unpacking C:\Users\Owner\Desktop\ti-cgt-pru_2.1.2\lib\src\unordered_set
Unpacking C:\Users\Owner\Desktop\ti-cgt-pru_2.1.2\lib\src\subf_i.h
Unpacking C:\Users\Owner\Desktop\ti-cgt-pru_2.1.2\lib\src\frcmpyd.h
Unpacking C:\Users\Owner\Desktop\ti-cgt-pru_2.1.2\lib\src\cos.c
Unpacking C:\Users\Owner\Desktop\ti-cgt-pru_2.1.2\lib\src\fltid.c
Unpacking C:\Users\Owner\Desktop\ti-cgt-pru_2.1.2\lib\src\_bufread.c
Unpacking C:\Users\Owner\Desktop\ti-cgt-pru_2.1.2\lib\src\iterator
Unpacking C:\Users\Owner\Desktop\ti-cgt-pru_2.1.2\lib\src\memset.c
Unpacking C:\Users\Owner\Desktop\ti-cgt-pru_2.1.2\lib\src\numconst.h
Unpacking C:\Users\Owner\Desktop\ti-cgt-pru_2.1.2\lib\src\s__num_put.h
Unpacking C:\Users\Owner\Desktop\ti-cgt-pru_2.1.2\lib\src\neqld.c
Unpacking C:\Users\Owner\Desktop\ti-cgt-pru_2.1.2\lib\src\s__slist_base.c
Unpacking C:\Users\Owner\Desktop\ti-cgt-pru_2.1.2\lib\src\mathf.h
Unpacking C:\Users\Owner\Desktop\ti-cgt-pru_2.1.2\lib\src\lock_free_slist.h
Unpacking C:\Users\Owner\Desktop\ti-cgt-pru_2.1.2\lib\src\gtd.c
Unpacking C:\Users\Owner\Desktop\ti-cgt-pru_2.1.2\lib\src\math_ld.c
Unpacking C:\Users\Owner\Desktop\ti-cgt-pru_2.1.2\lib\src\s__typeinfo.h
Unpacking C:\Users\Owner\Desktop\ti-cgt-pru_2.1.2\lib\src\istream
Unpacking C:\Users\Owner\Desktop\ti-cgt-pru_2.1.2\lib\src\strlen.c
Unpacking C:\Users\Owner\Desktop\ti-cgt-pru_2.1.2\lib\src\s_c__prolog.h
Unpacking C:\Users\Owner\Desktop\ti-cgt-pru_2.1.2\lib\src\locale.cpp
Unpacking C:\Users\Owner\Desktop\ti-cgt-pru_2.1.2\lib\src\assert.c
Unpacking C:\Users\Owner\Desktop\ti-cgt-pru_2.1.2\lib\src\wmemchr.c
Unpacking C:\Users\Owner\Desktop\ti-cgt-pru_2.1.2\lib\src\s__ios.h
Unpacking C:\Users\Owner\Desktop\ti-cgt-pru_2.1.2\lib\src\e_new
Unpacking C:\Users\Owner\Desktop\ti-cgt-pru_2.1.2\lib\src\setbuf.c
Unpacking C:\Users\Owner\Desktop\ti-cgt-pru_2.1.2\lib\src\stdexcept
Unpacking C:\Users\Owner\Desktop\ti-cgt-pru_2.1.2\lib\src\s__string_operators.h
Unpacking C:\Users\Owner\Desktop\ti-cgt-pru_2.1.2\lib\src\fixdul.c
Unpacking C:\Users\Owner\Desktop\ti-cgt-pru_2.1.2\lib\src\strstream.cpp
Unpacking C:\Users\Owner\Desktop\ti-cgt-pru_2.1.2\lib\src\atan2f.c
Unpacking C:\Users\Owner\Desktop\ti-cgt-pru_2.1.2\lib\src\copy_zero_init.c
Unpacking C:\Users\Owner\Desktop\ti-cgt-pru_2.1.2\lib\src\signal.c
Unpacking C:\Users\Owner\Desktop\ti-cgt-pru_2.1.2\lib\src\s__csignal.h
Unpacking C:\Users\Owner\Desktop\ti-cgt-pru_2.1.2\lib\src\newnothrow.cpp
Unpacking C:\Users\Owner\Desktop\ti-cgt-pru_2.1.2\lib\src\strcpy.c
Unpacking C:\Users\Owner\Desktop\ti-cgt-pru_2.1.2\lib\src\fltullf.c
Unpacking C:\Users\Owner\Desktop\ti-cgt-pru_2.1.2\lib\src\s__deque.c
Unpacking C:\Users\Owner\Desktop\ti-cgt-pru_2.1.2\lib\src\frcmpyd_div.c
Unpacking C:\Users\Owner\Desktop\ti-cgt-pru_2.1.2\lib\src\error.cpp
Unpacking C:\Users\Owner\Desktop\ti-cgt-pru_2.1.2\lib\src\frcaddf_i.h
Unpacking C:\Users\Owner\Desktop\ti-cgt-pru_2.1.2\lib\src\c_locale.cpp
Unpacking C:\Users\Owner\Desktop\ti-cgt-pru_2.1.2\lib\src\array_pdel.cpp
Unpacking C:\Users\Owner\Desktop\ti-cgt-pru_2.1.2\lib\src\modfl.c
Unpacking C:\Users\Owner\Desktop\ti-cgt-pru_2.1.2\lib\src\defs.c
Unpacking C:\Users\Owner\Desktop\ti-cgt-pru_2.1.2\lib\src\s__num_get.c
Unpacking C:\Users\Owner\Desktop\ti-cgt-pru_2.1.2\lib\src\s__limits.c
Unpacking C:\Users\Owner\Desktop\ti-cgt-pru_2.1.2\lib\src\s__cstdarg.h
Unpacking C:\Users\Owner\Desktop\ti-cgt-pru_2.1.2\lib\src\s__numeric.h
Unpacking C:\Users\Owner\Desktop\ti-cgt-pru_2.1.2\lib\src\ctime_.c
Unpacking C:\Users\Owner\Desktop\ti-cgt-pru_2.1.2\lib\src\asinf_i.h
Unpacking C:\Users\Owner\Desktop\ti-cgt-pru_2.1.2\lib\src\s__string_sum.h
Unpacking C:\Users\Owner\Desktop\ti-cgt-pru_2.1.2\lib\src\imath64.c
Unpacking C:\Users\Owner\Desktop\ti-cgt-pru_2.1.2\lib\src\gtf.c
Unpacking C:\Users\Owner\Desktop\ti-cgt-pru_2.1.2\lib\src\strncmp.c
Unpacking C:\Users\Owner\Desktop\ti-cgt-pru_2.1.2\lib\src\fabsf.c
Unpacking C:\Users\Owner\Desktop\ti-cgt-pru_2.1.2\lib\src\bitset.cpp
Unpacking C:\Users\Owner\Desktop\ti-cgt-pru_2.1.2\lib\src\rsqrt.c
Unpacking C:\Users\Owner\Desktop\ti-cgt-pru_2.1.2\lib\src\lowlev.c
Unpacking C:\Users\Owner\Desktop\ti-cgt-pru_2.1.2\lib\src\s__carray.h
Unpacking C:\Users\Owner\Desktop\ti-cgt-pru_2.1.2\lib\src\set_new.cpp
Unpacking C:\Users\Owner\Desktop\ti-cgt-pru_2.1.2\lib\src\roundf.c
Unpacking C:\Users\Owner\Desktop\ti-cgt-pru_2.1.2\lib\src\sinhf_i.h
Unpacking C:\Users\Owner\Desktop\ti-cgt-pru_2.1.2\lib\src\powif.c
Unpacking C:\Users\Owner\Desktop\ti-cgt-pru_2.1.2\lib\src\s__new.h
Unpacking C:\Users\Owner\Desktop\ti-cgt-pru_2.1.2\lib\src\s__function_base.h
Unpacking C:\Users\Owner\Desktop\ti-cgt-pru_2.1.2\lib\src\cpy_tbl.h
Unpacking C:\Users\Owner\Desktop\ti-cgt-pru_2.1.2\lib\src\s__slist.h
Unpacking C:\Users\Owner\Desktop\ti-cgt-pru_2.1.2\lib\src\negf_i.h
Unpacking C:\Users\Owner\Desktop\ti-cgt-pru_2.1.2\lib\src\renormd.c
Unpacking C:\Users\Owner\Desktop\ti-cgt-pru_2.1.2\lib\src\vsprintf.c
Unpacking C:\Users\Owner\Desktop\ti-cgt-pru_2.1.2\lib\src\s__istream.c
Unpacking C:\Users\Owner\Desktop\ti-cgt-pru_2.1.2\lib\src\roundf_i.h
Unpacking C:\Users\Owner\Desktop\ti-cgt-pru_2.1.2\lib\src\assert.h
Unpacking C:\Users\Owner\Desktop\ti-cgt-pru_2.1.2\lib\src\acothf.c
Unpacking C:\Users\Owner\Desktop\ti-cgt-pru_2.1.2\lib\src\s__string_io.h
Unpacking C:\Users\Owner\Desktop\ti-cgt-pru_2.1.2\lib\src\log.c
Unpacking C:\Users\Owner\Desktop\ti-cgt-pru_2.1.2\lib\src\csetjmp
Unpacking C:\Users\Owner\Desktop\ti-cgt-pru_2.1.2\lib\src\iso646.h
Unpacking C:\Users\Owner\Desktop\ti-cgt-pru_2.1.2\lib\src\s__hash_set.h
Unpacking C:\Users\Owner\Desktop\ti-cgt-pru_2.1.2\lib\src\strspn.c
Unpacking C:\Users\Owner\Desktop\ti-cgt-pru_2.1.2\lib\src\s__cprolog.h
Unpacking C:\Users\Owner\Desktop\ti-cgt-pru_2.1.2\lib\src\memcpy.asm
Unpacking C:\Users\Owner\Desktop\ti-cgt-pru_2.1.2\lib\src\num_get.cpp
Unpacking C:\Users\Owner\Desktop\ti-cgt-pru_2.1.2\lib\src\c_locale_dummy.c
Unpacking C:\Users\Owner\Desktop\ti-cgt-pru_2.1.2\lib\src\ferror.c
Unpacking C:\Users\Owner\Desktop\ti-cgt-pru_2.1.2\lib\src\memcmp.c
Unpacking C:\Users\Owner\Desktop\ti-cgt-pru_2.1.2\lib\src\numeric
Unpacking C:\Users\Owner\Desktop\ti-cgt-pru_2.1.2\lib\src\s__alloc.h
Unpacking C:\Users\Owner\Desktop\ti-cgt-pru_2.1.2\lib\src\ceil.c
Unpacking C:\Users\Owner\Desktop\ti-cgt-pru_2.1.2\lib\src\s__ostream.h
Unpacking C:\Users\Owner\Desktop\ti-cgt-pru_2.1.2\lib\src\s__cstddef.h
Unpacking C:\Users\Owner\Desktop\ti-cgt-pru_2.1.2\lib\src\frcdivf2_i.h
Unpacking C:\Users\Owner\Desktop\ti-cgt-pru_2.1.2\lib\src\mpyf.c
Unpacking C:\Users\Owner\Desktop\ti-cgt-pru_2.1.2\lib\src\num_get_float.cpp
Unpacking C:\Users\Owner\Desktop\ti-cgt-pru_2.1.2\lib\src\asin.c
Unpacking C:\Users\Owner\Desktop\ti-cgt-pru_2.1.2\lib\src\s__sstream.c
Unpacking C:\Users\Owner\Desktop\ti-cgt-pru_2.1.2\lib\src\addf.c
Unpacking C:\Users\Owner\Desktop\ti-cgt-pru_2.1.2\lib\src\deque
Unpacking C:\Users\Owner\Desktop\ti-cgt-pru_2.1.2\lib\src\s__construct.h
Unpacking C:\Users\Owner\Desktop\ti-cgt-pru_2.1.2\lib\src\s__string_io.c
Unpacking C:\Users\Owner\Desktop\ti-cgt-pru_2.1.2\lib\src\asinh.c
Unpacking C:\Users\Owner\Desktop\ti-cgt-pru_2.1.2\lib\src\rand.c
Unpacking C:\Users\Owner\Desktop\ti-cgt-pru_2.1.2\lib\src\strtoll.c
Unpacking C:\Users\Owner\Desktop\ti-cgt-pru_2.1.2\lib\src\exp2f_i.h
Unpacking C:\Users\Owner\Desktop\ti-cgt-pru_2.1.2\lib\src\atexit.c
Unpacking C:\Users\Owner\Desktop\ti-cgt-pru_2.1.2\lib\src\s__cwchar.h
Unpacking C:\Users\Owner\Desktop\ti-cgt-pru_2.1.2\lib\src\tmzone.c
Unpacking C:\Users\Owner\Desktop\ti-cgt-pru_2.1.2\lib\src\fltuf.c
Unpacking C:\Users\Owner\Desktop\ti-cgt-pru_2.1.2\lib\src\s__monetary.c
Unpacking C:\Users\Owner\Desktop\ti-cgt-pru_2.1.2\lib\src\iomanip
Unpacking C:\Users\Owner\Desktop\ti-cgt-pru_2.1.2\lib\src\e_exception
Unpacking C:\Users\Owner\Desktop\ti-cgt-pru_2.1.2\lib\src\cmpf_i.h
Unpacking C:\Users\Owner\Desktop\ti-cgt-pru_2.1.2\lib\src\s__range_errors.c
Unpacking C:\Users\Owner\Desktop\ti-cgt-pru_2.1.2\lib\src\s__string.c
Unpacking C:\Users\Owner\Desktop\ti-cgt-pru_2.1.2\lib\src\s__algobase.c
Unpacking C:\Users\Owner\Desktop\ti-cgt-pru_2.1.2\lib\src\s__csetjmp.h
Unpacking C:\Users\Owner\Desktop\ti-cgt-pru_2.1.2\lib\src\clock.c
Unpacking C:\Users\Owner\Desktop\ti-cgt-pru_2.1.2\lib\src\fltyf_i.h
Unpacking C:\Users\Owner\Desktop\ti-cgt-pru_2.1.2\lib\src\_io_perm.c
Unpacking C:\Users\Owner\Desktop\ti-cgt-pru_2.1.2\lib\src\isascii.c
Unpacking C:\Users\Owner\Desktop\ti-cgt-pru_2.1.2\lib\src\s__vector.h
Unpacking C:\Users\Owner\Desktop\ti-cgt-pru_2.1.2\lib\src\frcmpyf.c
Unpacking C:\Users\Owner\Desktop\ti-cgt-pru_2.1.2\lib\src\s__pthread_alloc.h
Unpacking C:\Users\Owner\Desktop\ti-cgt-pru_2.1.2\lib\src\cstddef
Unpacking C:\Users\Owner\Desktop\ti-cgt-pru_2.1.2\lib\src\trgdrv.c
Unpacking C:\Users\Owner\Desktop\ti-cgt-pru_2.1.2\lib\src\target.h
Unpacking C:\Users\Owner\Desktop\ti-cgt-pru_2.1.2\lib\src\s__cstdlib.h
Unpacking C:\Users\Owner\Desktop\ti-cgt-pru_2.1.2\lib\src\isinf.c
Unpacking C:\Users\Owner\Desktop\ti-cgt-pru_2.1.2\lib\src\_isfuncdcl.h
Unpacking C:\Users\Owner\Desktop\ti-cgt-pru_2.1.2\lib\src\s__ptrs_specialize.h
Unpacking C:\Users\Owner\Desktop\ti-cgt-pru_2.1.2\lib\src\locale_impl.h
Unpacking C:\Users\Owner\Desktop\ti-cgt-pru_2.1.2\lib\src\ios.cpp
Unpacking C:\Users\Owner\Desktop\ti-cgt-pru_2.1.2\lib\src\log2f.c
Unpacking C:\Users\Owner\Desktop\ti-cgt-pru_2.1.2\lib\src\math_intr_access.h
Unpacking C:\Users\Owner\Desktop\ti-cgt-pru_2.1.2\lib\src\fpclassifyf_i.h
Unpacking C:\Users\Owner\Desktop\ti-cgt-pru_2.1.2\lib\src\fgetc.c
Unpacking C:\Users\Owner\Desktop\ti-cgt-pru_2.1.2\lib\src\_reg_synch_api.h
Unpacking C:\Users\Owner\Desktop\ti-cgt-pru_2.1.2\lib\src\s__algobase.h
Unpacking C:\Users\Owner\Desktop\ti-cgt-pru_2.1.2\lib\src\list
Unpacking C:\Users\Owner\Desktop\ti-cgt-pru_2.1.2\lib\src\isnormalf_i.h
Unpacking C:\Users\Owner\Desktop\ti-cgt-pru_2.1.2\lib\src\sqrt.c
Unpacking C:\Users\Owner\Desktop\ti-cgt-pru_2.1.2\lib\src\cosf_i.h
Unpacking C:\Users\Owner\Desktop\ti-cgt-pru_2.1.2\lib\src\cassert
Unpacking C:\Users\Owner\Desktop\ti-cgt-pru_2.1.2\lib\src\memory.c
Unpacking C:\Users\Owner\Desktop\ti-cgt-pru_2.1.2\lib\src\s_type_traits.h
Unpacking C:\Users\Owner\Desktop\ti-cgt-pru_2.1.2\lib\src\sqrtf.c
Unpacking C:\Users\Owner\Desktop\ti-cgt-pru_2.1.2\lib\src\s__complex.h
Unpacking C:\Users\Owner\Desktop\ti-cgt-pru_2.1.2\lib\src\valarray
Unpacking C:\Users\Owner\Desktop\ti-cgt-pru_2.1.2\lib\src\s__locale.h
Unpacking C:\Users\Owner\Desktop\ti-cgt-pru_2.1.2\lib\src\stdint.h
Unpacking C:\Users\Owner\Desktop\ti-cgt-pru_2.1.2\lib\src\frcaddd.h
Unpacking C:\Users\Owner\Desktop\ti-cgt-pru_2.1.2\lib\src\vec_newdel.cpp
Unpacking C:\Users\Owner\Desktop\ti-cgt-pru_2.1.2\lib\src\array_pnew.cpp
Unpacking C:\Users\Owner\Desktop\ti-cgt-pru_2.1.2\lib\src\istream.cpp
Unpacking C:\Users\Owner\Desktop\ti-cgt-pru_2.1.2\lib\src\expf.c
Unpacking C:\Users\Owner\Desktop\ti-cgt-pru_2.1.2\lib\src\tanhf_i.h
Unpacking C:\Users\Owner\Desktop\ti-cgt-pru_2.1.2\lib\src\floorf_i.h
Unpacking C:\Users\Owner\Desktop\ti-cgt-pru_2.1.2\lib\src\ldexp.c
Unpacking C:\Users\Owner\Desktop\ti-cgt-pru_2.1.2\lib\src\s__vector.c
Unpacking C:\Users\Owner\Desktop\ti-cgt-pru_2.1.2\lib\src\vars.cpp
Unpacking C:\Users\Owner\Desktop\ti-cgt-pru_2.1.2\lib\src\signbit.c
Unpacking C:\Users\Owner\Desktop\ti-cgt-pru_2.1.2\lib\src\cotf_i.h
Unpacking C:\Users\Owner\Desktop\ti-cgt-pru_2.1.2\lib\src\isalpha.c
Unpacking C:\Users\Owner\Desktop\ti-cgt-pru_2.1.2\lib\src\collate.cpp
Unpacking C:\Users\Owner\Desktop\ti-cgt-pru_2.1.2\lib\src\acoshf_i.h
Unpacking C:\Users\Owner\Desktop\ti-cgt-pru_2.1.2\lib\src\s__iomanip.h
Unpacking C:\Users\Owner\Desktop\ti-cgt-pru_2.1.2\lib\src\renormf.c
Unpacking C:\Users\Owner\Desktop\ti-cgt-pru_2.1.2\lib\src\isdigit.c
Unpacking C:\Users\Owner\Desktop\ti-cgt-pru_2.1.2\lib\src\ascii.c
Unpacking C:\Users\Owner\Desktop\ti-cgt-pru_2.1.2\lib\src\nextafter_i.h
Unpacking C:\Users\Owner\Desktop\ti-cgt-pru_2.1.2\lib\src\s__streambuf.c
Unpacking C:\Users\Owner\Desktop\ti-cgt-pru_2.1.2\lib\src\renormd.h
Unpacking C:\Users\Owner\Desktop\ti-cgt-pru_2.1.2\lib\src\formi32.h
Unpacking C:\Users\Owner\Desktop\ti-cgt-pru_2.1.2\lib\src\llmpy.c
Unpacking C:\Users\Owner\Desktop\ti-cgt-pru_2.1.2\lib\src\s__bitset.c
Unpacking C:\Users\Owner\Desktop\ti-cgt-pru_2.1.2\lib\src\subf.c
Unpacking C:\Users\Owner\Desktop\ti-cgt-pru_2.1.2\lib\src\frcdivf.h
Unpacking C:\Users\Owner\Desktop\ti-cgt-pru_2.1.2\lib\src\s__tempbuf.h
Unpacking C:\Users\Owner\Desktop\ti-cgt-pru_2.1.2\lib\src\s__facets_fwd.h
Unpacking C:\Users\Owner\Desktop\ti-cgt-pru_2.1.2\lib\src\clearerr.c
Unpacking C:\Users\Owner\Desktop\ti-cgt-pru_2.1.2\lib\src\acotf.c
Unpacking C:\Users\Owner\Desktop\ti-cgt-pru_2.1.2\lib\src\fltllif.c
Unpacking C:\Users\Owner\Desktop\ti-cgt-pru_2.1.2\lib\src\frcdivf1_i.h
Unpacking C:\Users\Owner\Desktop\ti-cgt-pru_2.1.2\lib\src\eqld.c
Unpacking C:\Users\Owner\Desktop\ti-cgt-pru_2.1.2\lib\src\asctime.c
Unpacking C:\Users\Owner\Desktop\ti-cgt-pru_2.1.2\lib\src\frcmpyf_div.c
Unpacking C:\Users\Owner\Desktop\ti-cgt-pru_2.1.2\lib\src\fcvt.c
Unpacking C:\Users\Owner\Desktop\ti-cgt-pru_2.1.2\lib\src\setlocale.c
Unpacking C:\Users\Owner\Desktop\ti-cgt-pru_2.1.2\lib\src\isinff_i.h
Unpacking C:\Users\Owner\Desktop\ti-cgt-pru_2.1.2\lib\src\pow.c
Unpacking C:\Users\Owner\Desktop\ti-cgt-pru_2.1.2\lib\src\tanf_i.h
Unpacking C:\Users\Owner\Desktop\ti-cgt-pru_2.1.2\lib\src\s__cstring.h
Unpacking C:\Users\Owner\Desktop\ti-cgt-pru_2.1.2\lib\src\string
Unpacking C:\Users\Owner\Desktop\ti-cgt-pru_2.1.2\lib\src\s__messages_facets.h
Unpacking C:\Users\Owner\Desktop\ti-cgt-pru_2.1.2\lib\src\throw_edg.cpp
Unpacking C:\Users\Owner\Desktop\ti-cgt-pru_2.1.2\lib\src\isnanf.c
Unpacking C:\Users\Owner\Desktop\ti-cgt-pru_2.1.2\lib\src\frcdivd.c
Unpacking C:\Users\Owner\Desktop\ti-cgt-pru_2.1.2\lib\src\c_locale.h
Unpacking C:\Users\Owner\Desktop\ti-cgt-pru_2.1.2\lib\src\s__ioserr.h
Unpacking C:\Users\Owner\Desktop\ti-cgt-pru_2.1.2\lib\src\_printfi_min.c
Unpacking C:\Users\Owner\Desktop\ti-cgt-pru_2.1.2\lib\src\cothf_i.h
Unpacking C:\Users\Owner\Desktop\ti-cgt-pru_2.1.2\lib\src\s__ctype.h
Unpacking C:\Users\Owner\Desktop\ti-cgt-pru_2.1.2\lib\src\vprintf.c
Unpacking C:\Users\Owner\Desktop\ti-cgt-pru_2.1.2\lib\src\lssf_i.h
Unpacking C:\Users\Owner\Desktop\ti-cgt-pru_2.1.2\lib\src\memzero.h
Unpacking C:\Users\Owner\Desktop\ti-cgt-pru_2.1.2\lib\src\fltlid.c
Unpacking C:\Users\Owner\Desktop\ti-cgt-pru_2.1.2\lib\src\s__prolog.h
Unpacking C:\Users\Owner\Desktop\ti-cgt-pru_2.1.2\lib\src\atoll.c
Unpacking C:\Users\Owner\Desktop\ti-cgt-pru_2.1.2\lib\src\fixflli.c
Unpacking C:\Users\Owner\Desktop\ti-cgt-pru_2.1.2\lib\src\frcmpyf1_i.h
Unpacking C:\Users\Owner\Desktop\ti-cgt-pru_2.1.2\lib\src\fltulld.c
Unpacking C:\Users\Owner\Desktop\ti-cgt-pru_2.1.2\lib\src\functional
Unpacking C:\Users\Owner\Desktop\ti-cgt-pru_2.1.2\lib\src\s__relops_cont.h
Unpacking C:\Users\Owner\Desktop\ti-cgt-pru_2.1.2\lib\src\new_.cpp
Unpacking C:\Users\Owner\Desktop\ti-cgt-pru_2.1.2\lib\src\_tls.h
Unpacking C:\Users\Owner\Desktop\ti-cgt-pru_2.1.2\lib\src\s__tree.h
Unpacking C:\Users\Owner\Desktop\ti-cgt-pru_2.1.2\lib\src\fixdi.c
Unpacking C:\Users\Owner\Desktop\ti-cgt-pru_2.1.2\lib\src\atanh.c
Unpacking C:\Users\Owner\Desktop\ti-cgt-pru_2.1.2\lib\src\exception_.cpp
Unpacking C:\Users\Owner\Desktop\ti-cgt-pru_2.1.2\lib\src\_printfi.c
Unpacking C:\Users\Owner\Desktop\ti-cgt-pru_2.1.2\lib\src\_tvaltostr.c
Unpacking C:\Users\Owner\Desktop\ti-cgt-pru_2.1.2\lib\src\atan2.c
Unpacking C:\Users\Owner\Desktop\ti-cgt-pru_2.1.2\lib\src\string.cpp
Unpacking C:\Users\Owner\Desktop\ti-cgt-pru_2.1.2\lib\src\_lock.h
Unpacking C:\Users\Owner\Desktop\ti-cgt-pru_2.1.2\lib\src\ceilf.c
Unpacking C:\Users\Owner\Desktop\ti-cgt-pru_2.1.2\lib\src\s__stream_iterator.h
Unpacking C:\Users\Owner\Desktop\ti-cgt-pru_2.1.2\lib\src\s__tempbuf.c
Unpacking C:\Users\Owner\Desktop\ti-cgt-pru_2.1.2\lib\src\s_boost_type_traits.h
Unpacking C:\Users\Owner\Desktop\ti-cgt-pru_2.1.2\lib\src\stdio.h
Unpacking C:\Users\Owner\Desktop\ti-cgt-pru_2.1.2\lib\src\frexpf.c
Unpacking C:\Users\Owner\Desktop\ti-cgt-pru_2.1.2\lib\src\boot.c
Unpacking C:\Users\Owner\Desktop\ti-cgt-pru_2.1.2\lib\src\cothf.c
Unpacking C:\Users\Owner\Desktop\ti-cgt-pru_2.1.2\lib\src\pure_virt.cpp
Unpacking C:\Users\Owner\Desktop\ti-cgt-pru_2.1.2\lib\src\exp10.c
Unpacking C:\Users\Owner\Desktop\ti-cgt-pru_2.1.2\lib\src\setjmp.h
Unpacking C:\Users\Owner\Desktop\ti-cgt-pru_2.1.2\lib\src\s__string_base.h
Unpacking C:\Users\Owner\Desktop\ti-cgt-pru_2.1.2\lib\src\log10f.c
Unpacking C:\Users\Owner\Desktop\ti-cgt-pru_2.1.2\lib\src\frcmpyf_div_i.h
Unpacking C:\Users\Owner\Desktop\ti-cgt-pru_2.1.2\lib\src\copy_decompress_none.c
Unpacking C:\Users\Owner\Desktop\ti-cgt-pru_2.1.2\lib\src\s__hash_fun.h
Unpacking C:\Users\Owner\Desktop\ti-cgt-pru_2.1.2\lib\src\rope
Unpacking C:\Users\Owner\Desktop\ti-cgt-pru_2.1.2\lib\src\fixfi.c
Unpacking C:\Users\Owner\Desktop\ti-cgt-pru_2.1.2\lib\src\acot2.c
Unpacking C:\Users\Owner\Desktop\ti-cgt-pru_2.1.2\lib\src\s_p__tools.h
Unpacking C:\Users\Owner\Desktop\ti-cgt-pru_2.1.2\lib\src\complex_trig.cpp
Unpacking C:\Users\Owner\Desktop\ti-cgt-pru_2.1.2\lib\src\args_main.c
Unpacking C:\Users\Owner\Desktop\ti-cgt-pru_2.1.2\lib\src\fseek.c
Unpacking C:\Users\Owner\Desktop\ti-cgt-pru_2.1.2\lib\src\acot2f.c
Unpacking C:\Users\Owner\Desktop\ti-cgt-pru_2.1.2\lib\src\_ctype.cpp
Unpacking C:\Users\Owner\Desktop\ti-cgt-pru_2.1.2\lib\src\s__rope.c
Unpacking C:\Users\Owner\Desktop\ti-cgt-pru_2.1.2\lib\src\s_c__ti.h
Unpacking C:\Users\Owner\Desktop\ti-cgt-pru_2.1.2\lib\src\dtor_list.cpp
Unpacking C:\Users\Owner\Desktop\ti-cgt-pru_2.1.2\lib\src\s__heap.h
Unpacking C:\Users\Owner\Desktop\ti-cgt-pru_2.1.2\lib\src\stdarg.h
Unpacking C:\Users\Owner\Desktop\ti-cgt-pru_2.1.2\lib\src\atan2f_i.h
Unpacking C:\Users\Owner\Desktop\ti-cgt-pru_2.1.2\lib\src\eqlf_i.h
Unpacking C:\Users\Owner\Desktop\ti-cgt-pru_2.1.2\lib\src\ieeemask.h
Unpacking C:\Users\Owner\Desktop\ti-cgt-pru_2.1.2\lib\src\message_facets.h
Unpacking C:\Users\Owner\Desktop\ti-cgt-pru_2.1.2\lib\src\fltxf_i.h
Unpacking C:\Users\Owner\Desktop\ti-cgt-pru_2.1.2\lib\src\s_c_user_config.h
Unpacking C:\Users\Owner\Desktop\ti-cgt-pru_2.1.2\lib\src\copy_decompress_lzss.c
Unpacking C:\Users\Owner\Desktop\ti-cgt-pru_2.1.2\lib\src\acosf_i.h
Unpacking C:\Users\Owner\Desktop\ti-cgt-pru_2.1.2\lib\src\strftime.c
Unpacking C:\Users\Owner\Desktop\ti-cgt-pru_2.1.2\lib\src\s__valarray.h
Unpacking C:\Users\Owner\Desktop\ti-cgt-pru_2.1.2\lib\src\acquire_release.h
Unpacking C:\Users\Owner\Desktop\ti-cgt-pru_2.1.2\lib\src\allocators.cpp
Unpacking C:\Users\Owner\Desktop\ti-cgt-pru_2.1.2\lib\src\autoinit.c
Unpacking C:\Users\Owner\Desktop\ti-cgt-pru_2.1.2\lib\src\math.h
Unpacking C:\Users\Owner\Desktop\ti-cgt-pru_2.1.2\lib\src\sinf_i.h
Unpacking C:\Users\Owner\Desktop\ti-cgt-pru_2.1.2\lib\src\config.h
Unpacking C:\Users\Owner\Desktop\ti-cgt-pru_2.1.2\lib\src\_fmt_specifier.h
Unpacking C:\Users\Owner\Desktop\ti-cgt-pru_2.1.2\lib\src\abs.c
Unpacking C:\Users\Owner\Desktop\ti-cgt-pru_2.1.2\lib\src\s_p__slist.h
Unpacking C:\Users\Owner\Desktop\ti-cgt-pru_2.1.2\lib\src\powi.c
Unpacking C:\Users\Owner\Desktop\ti-cgt-pru_2.1.2\lib\src\s__hash_map.h
Unpacking C:\Users\Owner\Desktop\ti-cgt-pru_2.1.2\lib\src\round.c
Unpacking C:\Users\Owner\Desktop\ti-cgt-pru_2.1.2\lib\src\reald.h
Unpacking C:\Users\Owner\Desktop\ti-cgt-pru_2.1.2\lib\src\acoth.c
Unpacking C:\Users\Owner\Desktop\ti-cgt-pru_2.1.2\lib\src\_reg_mutex_api.h
Unpacking C:\Users\Owner\Desktop\ti-cgt-pru_2.1.2\lib\src\s__queue.h
Unpacking C:\Users\Owner\Desktop\ti-cgt-pru_2.1.2\lib\src\errno.h
Unpacking C:\Users\Owner\Desktop\ti-cgt-pru_2.1.2\lib\src\rsqrtf_i.h
Unpacking C:\Users\Owner\Desktop\ti-cgt-pru_2.1.2\lib\src\vec_newdel.h
Unpacking C:\Users\Owner\Desktop\ti-cgt-pru_2.1.2\lib\src\rewind.c
Unpacking C:\Users\Owner\Desktop\ti-cgt-pru_2.1.2\lib\src\unified_locale.cpp
Unpacking C:\Users\Owner\Desktop\ti-cgt-pru_2.1.2\lib\src\strtof.c
Unpacking C:\Users\Owner\Desktop\ti-cgt-pru_2.1.2\lib\src\qsort.c
Unpacking C:\Users\Owner\Desktop\ti-cgt-pru_2.1.2\lib\src\absf_i.h
Unpacking C:\Users\Owner\Desktop\ti-cgt-pru_2.1.2\lib\src\expf_i.h
Unpacking C:\Users\Owner\Desktop\ti-cgt-pru_2.1.2\lib\src\fmod.c
Unpacking C:\Users\Owner\Desktop\ti-cgt-pru_2.1.2\lib\src\_data_synch.h
Unpacking C:\Users\Owner\Desktop\ti-cgt-pru_2.1.2\lib\src\ctype.c
Unpacking C:\Users\Owner\Desktop\ti-cgt-pru_2.1.2\lib\src\limits
Unpacking C:\Users\Owner\Desktop\ti-cgt-pru_2.1.2\lib\src\getenv.c
Unpacking C:\Users\Owner\Desktop\ti-cgt-pru_2.1.2\lib\src\pthread.h
Unpacking C:\Users\Owner\Desktop\ti-cgt-pru_2.1.2\lib\src\s__algo.c
Unpacking C:\Users\Owner\Desktop\ti-cgt-pru_2.1.2\lib\src\fixfy_i.h
Unpacking C:\Users\Owner\Desktop\ti-cgt-pru_2.1.2\lib\src\tanh.c
Unpacking C:\Users\Owner\Desktop\ti-cgt-pru_2.1.2\lib\src\wcsncpy.c
Unpacking C:\Users\Owner\Desktop\ti-cgt-pru_2.1.2\lib\src\logf_i.h
Unpacking C:\Users\Owner\Desktop\ti-cgt-pru_2.1.2\lib\src\sstream
Unpacking C:\Users\Owner\Desktop\ti-cgt-pru_2.1.2\lib\src\eh_util.cpp
Unpacking C:\Users\Owner\Desktop\ti-cgt-pru_2.1.2\lib\src\remove.c
Unpacking C:\Users\Owner\Desktop\ti-cgt-pru_2.1.2\lib\src\locale.h
Unpacking C:\Users\Owner\Desktop\ti-cgt-pru_2.1.2\lib\src\modff.c
Unpacking C:\Users\Owner\Desktop\ti-cgt-pru_2.1.2\lib\src\exp2f.c
Unpacking C:\Users\Owner\Desktop\ti-cgt-pru_2.1.2\lib\src\array_nonew.cpp
Unpacking C:\Users\Owner\Desktop\ti-cgt-pru_2.1.2\lib\src\formi.h
Unpacking C:\Users\Owner\Desktop\ti-cgt-pru_2.1.2\lib\src\imaxdiv.c
Unpacking C:\Users\Owner\Desktop\ti-cgt-pru_2.1.2\lib\src\locale_impl.cpp
Unpacking C:\Users\Owner\Desktop\ti-cgt-pru_2.1.2\lib\src\s_p__deque.h
Unpacking C:\Users\Owner\Desktop\ti-cgt-pru_2.1.2\lib\src\s__list.c
Unpacking C:\Users\Owner\Desktop\ti-cgt-pru_2.1.2\lib\src\imaxabs.c
Unpacking C:\Users\Owner\Desktop\ti-cgt-pru_2.1.2\lib\src\s__set.h
Unpacking C:\Users\Owner\Desktop\ti-cgt-pru_2.1.2\lib\src\_printfi_nf.c
Unpacking C:\Users\Owner\Desktop\ti-cgt-pru_2.1.2\lib\src\float_config.h
Unpacking C:\Users\Owner\Desktop\ti-cgt-pru_2.1.2\lib\src\cpp_inline_math.h
Unpacking C:\Users\Owner\Desktop\ti-cgt-pru_2.1.2\lib\src\s_type_manips.h
Unpacking C:\Users\Owner\Desktop\ti-cgt-pru_2.1.2\lib\src\strtoul.c
Unpacking C:\Users\Owner\Desktop\ti-cgt-pru_2.1.2\lib\src\divremx_i.h
Unpacking C:\Users\Owner\Desktop\ti-cgt-pru_2.1.2\lib\src\acotf_i.h
Unpacking C:\Users\Owner\Desktop\ti-cgt-pru_2.1.2\lib\src\autoinit.h
Unpacking C:\Users\Owner\Desktop\ti-cgt-pru_2.1.2\lib\src\floor.c
Unpacking C:\Users\Owner\Desktop\ti-cgt-pru_2.1.2\lib\src\isprint.c
Unpacking C:\Users\Owner\Desktop\ti-cgt-pru_2.1.2\lib\src\div.c
Unpacking C:\Users\Owner\Desktop\ti-cgt-pru_2.1.2\lib\src\s__clocale.h
Unpacking C:\Users\Owner\Desktop\ti-cgt-pru_2.1.2\lib\src\s__ostreambuf_iterator.h
Unpacking C:\Users\Owner\Desktop\ti-cgt-pru_2.1.2\lib\src\strstream
Unpacking C:\Users\Owner\Desktop\ti-cgt-pru_2.1.2\lib\src\iscntrl.c
Unpacking C:\Users\Owner\Desktop\ti-cgt-pru_2.1.2\lib\src\modf.c
Unpacking C:\Users\Owner\Desktop\ti-cgt-pru_2.1.2\lib\src\isnormal.c
Unpacking C:\Users\Owner\Desktop\ti-cgt-pru_2.1.2\lib\src\sstream.cpp
Unpacking C:\Users\Owner\Desktop\ti-cgt-pru_2.1.2\lib\src\strcasecmp.c
Unpacking C:\Users\Owner\Desktop\ti-cgt-pru_2.1.2\lib\src\vec_cctor.cpp
Unpacking C:\Users\Owner\Desktop\ti-cgt-pru_2.1.2\lib\src\frcdivf.c
Unpacking C:\Users\Owner\Desktop\ti-cgt-pru_2.1.2\lib\src\acothf_i.h
Unpacking C:\Users\Owner\Desktop\ti-cgt-pru_2.1.2\lib\src\s__iostream_string.h
Unpacking C:\Users\Owner\Desktop\ti-cgt-pru_2.1.2\lib\src\strpbrk.c
Unpacking C:\Users\Owner\Desktop\ti-cgt-pru_2.1.2\lib\src\_scanfi_min.c
Unpacking C:\Users\Owner\Desktop\ti-cgt-pru_2.1.2\lib\src\num_put_float.cpp
Unpacking C:\Users\Owner\Desktop\ti-cgt-pru_2.1.2\lib\src\_mutex.h
Unpacking C:\Users\Owner\Desktop\ti-cgt-pru_2.1.2\lib\src\s__time_facets.c
Unpacking C:\Users\Owner\Desktop\ti-cgt-pru_2.1.2\lib\src\s_c__epilog.h
Unpacking C:\Users\Owner\Desktop\ti-cgt-pru_2.1.2\lib\src\vsnprintf.c
Unpacking C:\Users\Owner\Desktop\ti-cgt-pru_2.1.2\lib\src\s__istreambuf_iterator.h
Unpacking C:\Users\Owner\Desktop\ti-cgt-pru_2.1.2\lib\src\tmpfile.c
Unpacking C:\Users\Owner\Desktop\ti-cgt-pru_2.1.2\lib\src\formi64.h
Unpacking C:\Users\Owner\Desktop\ti-cgt-pru_2.1.2\lib\src\cmpf.c
Unpacking C:\Users\Owner\Desktop\ti-cgt-pru_2.1.2\lib\src\s__auto_ptr.h
Unpacking C:\Users\Owner\Desktop\ti-cgt-pru_2.1.2\lib\src\coshf_i.h
Unpacking C:\Users\Owner\Desktop\ti-cgt-pru_2.1.2\lib\src\s_c__system.h
Unpacking C:\Users\Owner\Desktop\ti-cgt-pru_2.1.2\lib\src\cctype
Unpacking C:\Users\Owner\Desktop\ti-cgt-pru_2.1.2\lib\src\array_nodel.cpp
Unpacking C:\Users\Owner\Desktop\ti-cgt-pru_2.1.2\lib\src\s__ostream.c
Unpacking C:\Users\Owner\Desktop\ti-cgt-pru_2.1.2\lib\src\remu_c.c
Unpacking C:\Users\Owner\Desktop\ti-cgt-pru_2.1.2\lib\src\s_p__vector.h
Unpacking C:\Users\Owner\Desktop\ti-cgt-pru_2.1.2\lib\src\log2f_i.h
Unpacking C:\Users\Owner\Desktop\ti-cgt-pru_2.1.2\lib\src\vfprintf.c
Unpacking C:\Users\Owner\Desktop\ti-cgt-pru_2.1.2\lib\src\fixfull.c
Unpacking C:\Users\Owner\Desktop\ti-cgt-pru_2.1.2\lib\src\s__numeric.c
Unpacking C:\Users\Owner\Desktop\ti-cgt-pru_2.1.2\lib\src\mpyd.c
Unpacking C:\Users\Owner\Desktop\ti-cgt-pru_2.1.2\lib\src\ostream
Unpacking C:\Users\Owner\Desktop\ti-cgt-pru_2.1.2\example\PRU_to_ARM.cmd
Unpacking C:\Users\Owner\Desktop\ti-cgt-pru_2.1.2\example\test.c
Unpacking C:\Users\Owner\Desktop\ti-cgt-pru_2.1.2\example\arm.c
Unpacking C:\Users\Owner\Desktop\ti-cgt-pru_2.1.2\example\dummy_ARM.cmd
Unpacking C:\Users\Owner\Desktop\ti-cgt-pru_2.1.2\example\AM3359_PRU.cmd
Unpacking C:\Users\Owner\Desktop\ti-cgt-pru_2.1.2\include\streambuf
Unpacking C:\Users\Owner\Desktop\ti-cgt-pru_2.1.2\include\s__alloc.c
Unpacking C:\Users\Owner\Desktop\ti-cgt-pru_2.1.2\include\complex
Unpacking C:\Users\Owner\Desktop\ti-cgt-pru_2.1.2\include\s_p__set.h
Unpacking C:\Users\Owner\Desktop\ti-cgt-pru_2.1.2\include\locale
Unpacking C:\Users\Owner\Desktop\ti-cgt-pru_2.1.2\include\s__rope.h
Unpacking C:\Users\Owner\Desktop\ti-cgt-pru_2.1.2\include\vector
Unpacking C:\Users\Owner\Desktop\ti-cgt-pru_2.1.2\include\s__monetary.h
Unpacking C:\Users\Owner\Desktop\ti-cgt-pru_2.1.2\include\s__ios.c
Unpacking C:\Users\Owner\Desktop\ti-cgt-pru_2.1.2\include\s__relops_hash_cont.h
Unpacking C:\Users\Owner\Desktop\ti-cgt-pru_2.1.2\include\s__complex.c
Unpacking C:\Users\Owner\Desktop\ti-cgt-pru_2.1.2\include\unordered_map
Unpacking C:\Users\Owner\Desktop\ti-cgt-pru_2.1.2\include\typeinfo
Unpacking C:\Users\Owner\Desktop\ti-cgt-pru_2.1.2\include\cfloat
Unpacking C:\Users\Owner\Desktop\ti-cgt-pru_2.1.2\include\s__streambuf.h
Unpacking C:\Users\Owner\Desktop\ti-cgt-pru_2.1.2\include\s__fstream.c
Unpacking C:\Users\Owner\Desktop\ti-cgt-pru_2.1.2\include\s__pair.h
Unpacking C:\Users\Owner\Desktop\ti-cgt-pru_2.1.2\include\s_c_host.h
Unpacking C:\Users\Owner\Desktop\ti-cgt-pru_2.1.2\include\s__hashtable.h
Unpacking C:\Users\Owner\Desktop\ti-cgt-pru_2.1.2\include\s__string_hash.h
Unpacking C:\Users\Owner\Desktop\ti-cgt-pru_2.1.2\include\slist
Unpacking C:\Users\Owner\Desktop\ti-cgt-pru_2.1.2\include\pthread_alloc
Unpacking C:\Users\Owner\Desktop\ti-cgt-pru_2.1.2\include\s_d__debug.h
Unpacking C:\Users\Owner\Desktop\ti-cgt-pru_2.1.2\include\s__config_compat_post.h
Unpacking C:\Users\Owner\Desktop\ti-cgt-pru_2.1.2\include\fstream
Unpacking C:\Users\Owner\Desktop\ti-cgt-pru_2.1.2\include\new
Unpacking C:\Users\Owner\Desktop\ti-cgt-pru_2.1.2\include\s__list.h
Unpacking C:\Users\Owner\Desktop\ti-cgt-pru_2.1.2\include\s__stdexcept_base.h
Unpacking C:\Users\Owner\Desktop\ti-cgt-pru_2.1.2\include\s_c_features.h
Unpacking C:\Users\Owner\Desktop\ti-cgt-pru_2.1.2\include\s__string_sum_methods.h
Unpacking C:\Users\Owner\Desktop\ti-cgt-pru_2.1.2\include\file.h
Unpacking C:\Users\Owner\Desktop\ti-cgt-pru_2.1.2\include\cstdio
Unpacking C:\Users\Owner\Desktop\ti-cgt-pru_2.1.2\include\ciso646
Unpacking C:\Users\Owner\Desktop\ti-cgt-pru_2.1.2\include\_isfuncdef.h
Unpacking C:\Users\Owner\Desktop\ti-cgt-pru_2.1.2\include\elfnames.h
Unpacking C:\Users\Owner\Desktop\ti-cgt-pru_2.1.2\include\trgcio.h
Unpacking C:\Users\Owner\Desktop\ti-cgt-pru_2.1.2\include\s__exception.h
Unpacking C:\Users\Owner\Desktop\ti-cgt-pru_2.1.2\include\s__string_npos.h
Unpacking C:\Users\Owner\Desktop\ti-cgt-pru_2.1.2\include\s__ios_base.h
Unpacking C:\Users\Owner\Desktop\ti-cgt-pru_2.1.2\include\s__stdexcept.h
Unpacking C:\Users\Owner\Desktop\ti-cgt-pru_2.1.2\include\stdbool.h
Unpacking C:\Users\Owner\Desktop\ti-cgt-pru_2.1.2\include\s__iterator.h
Unpacking C:\Users\Owner\Desktop\ti-cgt-pru_2.1.2\include\s__threads.h
Unpacking C:\Users\Owner\Desktop\ti-cgt-pru_2.1.2\include\s__unordered_set.h
Unpacking C:\Users\Owner\Desktop\ti-cgt-pru_2.1.2\include\s__slist_base.h
Unpacking C:\Users\Owner\Desktop\ti-cgt-pru_2.1.2\include\s__raw_storage_iter.h
Unpacking C:\Users\Owner\Desktop\ti-cgt-pru_2.1.2\include\map
Unpacking C:\Users\Owner\Desktop\ti-cgt-pru_2.1.2\include\iostream
Unpacking C:\Users\Owner\Desktop\ti-cgt-pru_2.1.2\include\s__iosfwd.h
Unpacking C:\Users\Owner\Desktop\ti-cgt-pru_2.1.2\include\s__function_adaptors.h
Unpacking C:\Users\Owner\Desktop\ti-cgt-pru_2.1.2\include\s__strstream.h
Unpacking C:\Users\Owner\Desktop\ti-cgt-pru_2.1.2\include\s__ctime.h
Unpacking C:\Users\Owner\Desktop\ti-cgt-pru_2.1.2\include\s__tree.c
Unpacking C:\Users\Owner\Desktop\ti-cgt-pru_2.1.2\include\s__cwctype.h
Unpacking C:\Users\Owner\Desktop\ti-cgt-pru_2.1.2\include\s__cmath.h
Unpacking C:\Users\Owner\Desktop\ti-cgt-pru_2.1.2\include\stddef.h
Unpacking C:\Users\Owner\Desktop\ti-cgt-pru_2.1.2\include\wchar.h
Unpacking C:\Users\Owner\Desktop\ti-cgt-pru_2.1.2\include\s__hashtable.c
Unpacking C:\Users\Owner\Desktop\ti-cgt-pru_2.1.2\include\cerrno
Unpacking C:\Users\Owner\Desktop\ti-cgt-pru_2.1.2\include\s__deque.h
Unpacking C:\Users\Owner\Desktop\ti-cgt-pru_2.1.2\include\time.h
Unpacking C:\Users\Owner\Desktop\ti-cgt-pru_2.1.2\include\signal.h
Unpacking C:\Users\Owner\Desktop\ti-cgt-pru_2.1.2\include\s__num_get.h
Unpacking C:\Users\Owner\Desktop\ti-cgt-pru_2.1.2\include\float.h
Unpacking C:\Users\Owner\Desktop\ti-cgt-pru_2.1.2\include\s__ctraits_fns.h
Unpacking C:\Users\Owner\Desktop\ti-cgt-pru_2.1.2\include\algorithm
Unpacking C:\Users\Owner\Desktop\ti-cgt-pru_2.1.2\include\utility
Unpacking C:\Users\Owner\Desktop\ti-cgt-pru_2.1.2\include\exception
Unpacking C:\Users\Owner\Desktop\ti-cgt-pru_2.1.2\include\linkage.h
Unpacking C:\Users\Owner\Desktop\ti-cgt-pru_2.1.2\include\s_p__list.h
Unpacking C:\Users\Owner\Desktop\ti-cgt-pru_2.1.2\include\hash_map
Unpacking C:\Users\Owner\Desktop\ti-cgt-pru_2.1.2\include\iosfwd
Unpacking C:\Users\Owner\Desktop\ti-cgt-pru_2.1.2\include\s__slist.c
Unpacking C:\Users\Owner\Desktop\ti-cgt-pru_2.1.2\include\s_char_traits.h
Unpacking C:\Users\Owner\Desktop\ti-cgt-pru_2.1.2\include\s_concept_checks.h
Unpacking C:\Users\Owner\Desktop\ti-cgt-pru_2.1.2\include\s__map.h
Unpacking C:\Users\Owner\Desktop\ti-cgt-pru_2.1.2\include\s__cctype.h
Unpacking C:\Users\Owner\Desktop\ti-cgt-pru_2.1.2\include\s__iterator_base.h
Unpacking C:\Users\Owner\Desktop\ti-cgt-pru_2.1.2\include\s__algo.h
Unpacking C:\Users\Owner\Desktop\ti-cgt-pru_2.1.2\include\hash_set
Unpacking C:\Users\Owner\Desktop\ti-cgt-pru_2.1.2\include\string.h
Unpacking C:\Users\Owner\Desktop\ti-cgt-pru_2.1.2\include\s__heap.c
Unpacking C:\Users\Owner\Desktop\ti-cgt-pru_2.1.2\include\cwchar
Unpacking C:\Users\Owner\Desktop\ti-cgt-pru_2.1.2\include\s__codecvt.h
Unpacking C:\Users\Owner\Desktop\ti-cgt-pru_2.1.2\include\inttypes.h
Unpacking C:\Users\Owner\Desktop\ti-cgt-pru_2.1.2\include\strings.h
Unpacking C:\Users\Owner\Desktop\ti-cgt-pru_2.1.2\include\csignal
Unpacking C:\Users\Owner\Desktop\ti-cgt-pru_2.1.2\include\s__limits.h
Unpacking C:\Users\Owner\Desktop\ti-cgt-pru_2.1.2\include\s__unordered_map.h
Unpacking C:\Users\Owner\Desktop\ti-cgt-pru_2.1.2\include\s__numpunct.h
Unpacking C:\Users\Owner\Desktop\ti-cgt-pru_2.1.2\include\s__num_put.c
Unpacking C:\Users\Owner\Desktop\ti-cgt-pru_2.1.2\include\s_c_compat.h
Unpacking C:\Users\Owner\Desktop\ti-cgt-pru_2.1.2\include\cwctype
Unpacking C:\Users\Owner\Desktop\ti-cgt-pru_2.1.2\include\ctype.h
Unpacking C:\Users\Owner\Desktop\ti-cgt-pru_2.1.2\include\s__stlport_version.h
Unpacking C:\Users\Owner\Desktop\ti-cgt-pru_2.1.2\include\s__uninitialized.h
Unpacking C:\Users\Owner\Desktop\ti-cgt-pru_2.1.2\include\stdlib.h
Unpacking C:\Users\Owner\Desktop\ti-cgt-pru_2.1.2\include\s_c_stl_confix.h
Unpacking C:\Users\Owner\Desktop\ti-cgt-pru_2.1.2\include\s__move_construct_fwk.h
Unpacking C:\Users\Owner\Desktop\ti-cgt-pru_2.1.2\include\s__time_facets.h
Unpacking C:\Users\Owner\Desktop\ti-cgt-pru_2.1.2\include\e_typeinfo
Unpacking C:\Users\Owner\Desktop\ti-cgt-pru_2.1.2\include\climits
Unpacking C:\Users\Owner\Desktop\ti-cgt-pru_2.1.2\include\cstdlib
Unpacking C:\Users\Owner\Desktop\ti-cgt-pru_2.1.2\include\s__cstdio.h
Unpacking C:\Users\Owner\Desktop\ti-cgt-pru_2.1.2\include\wctype.h
Unpacking C:\Users\Owner\Desktop\ti-cgt-pru_2.1.2\include\set
Unpacking C:\Users\Owner\Desktop\ti-cgt-pru_2.1.2\include\_pthread.h
Unpacking C:\Users\Owner\Desktop\ti-cgt-pru_2.1.2\include\s__sstream.h
Unpacking C:\Users\Owner\Desktop\ti-cgt-pru_2.1.2\include\memory
Unpacking C:\Users\Owner\Desktop\ti-cgt-pru_2.1.2\include\bitset
Unpacking C:\Users\Owner\Desktop\ti-cgt-pru_2.1.2\include\limits.h
Unpacking C:\Users\Owner\Desktop\ti-cgt-pru_2.1.2\include\s__valarray.c
Unpacking C:\Users\Owner\Desktop\ti-cgt-pru_2.1.2\include\cmath
Unpacking C:\Users\Owner\Desktop\ti-cgt-pru_2.1.2\include\s__bitset.h
Unpacking C:\Users\Owner\Desktop\ti-cgt-pru_2.1.2\include\s__string_fwd.h
Unpacking C:\Users\Owner\Desktop\ti-cgt-pru_2.1.2\include\s__iterator_old.h
Unpacking C:\Users\Owner\Desktop\ti-cgt-pru_2.1.2\include\cstdarg
Unpacking C:\Users\Owner\Desktop\ti-cgt-pru_2.1.2\include\s__fstream.h
Unpacking C:\Users\Owner\Desktop\ti-cgt-pru_2.1.2\include\s__threads.c
Unpacking C:\Users\Owner\Desktop\ti-cgt-pru_2.1.2\include\s__function.h
Unpacking C:\Users\Owner\Desktop\ti-cgt-pru_2.1.2\include\ctime
Unpacking C:\Users\Owner\Desktop\ti-cgt-pru_2.1.2\include\s__epilog.h
Unpacking C:\Users\Owner\Desktop\ti-cgt-pru_2.1.2\include\s_c_locale.h
Unpacking C:\Users\Owner\Desktop\ti-cgt-pru_2.1.2\include\s__stdexcept_base.c
Unpacking C:\Users\Owner\Desktop\ti-cgt-pru_2.1.2\include\cstring
Unpacking C:\Users\Owner\Desktop\ti-cgt-pru_2.1.2\include\s__collate.h
Unpacking C:\Users\Owner\Desktop\ti-cgt-pru_2.1.2\include\type_traits
Unpacking C:\Users\Owner\Desktop\ti-cgt-pru_2.1.2\include\stack
Unpacking C:\Users\Owner\Desktop\ti-cgt-pru_2.1.2\include\mathl.h
Unpacking C:\Users\Owner\Desktop\ti-cgt-pru_2.1.2\include\clocale
Unpacking C:\Users\Owner\Desktop\ti-cgt-pru_2.1.2\include\s__bvector.h
Unpacking C:\Users\Owner\Desktop\ti-cgt-pru_2.1.2\include\s__range_errors.h
Unpacking C:\Users\Owner\Desktop\ti-cgt-pru_2.1.2\include\queue
Unpacking C:\Users\Owner\Desktop\ti-cgt-pru_2.1.2\include\s__istream.h
Unpacking C:\Users\Owner\Desktop\ti-cgt-pru_2.1.2\include\s__mbstate_t.h
Unpacking C:\Users\Owner\Desktop\ti-cgt-pru_2.1.2\include\ios
Unpacking C:\Users\Owner\Desktop\ti-cgt-pru_2.1.2\include\s__string.h
Unpacking C:\Users\Owner\Desktop\ti-cgt-pru_2.1.2\include\math_ld.h
Unpacking C:\Users\Owner\Desktop\ti-cgt-pru_2.1.2\include\s__stack.h
Unpacking C:\Users\Owner\Desktop\ti-cgt-pru_2.1.2\include\unordered_set
Unpacking C:\Users\Owner\Desktop\ti-cgt-pru_2.1.2\include\iterator
Unpacking C:\Users\Owner\Desktop\ti-cgt-pru_2.1.2\include\s__num_put.h
Unpacking C:\Users\Owner\Desktop\ti-cgt-pru_2.1.2\include\s__slist_base.c
Unpacking C:\Users\Owner\Desktop\ti-cgt-pru_2.1.2\include\mathf.h
Unpacking C:\Users\Owner\Desktop\ti-cgt-pru_2.1.2\include\s__typeinfo.h
Unpacking C:\Users\Owner\Desktop\ti-cgt-pru_2.1.2\include\istream
Unpacking C:\Users\Owner\Desktop\ti-cgt-pru_2.1.2\include\s_c__prolog.h
Unpacking C:\Users\Owner\Desktop\ti-cgt-pru_2.1.2\include\s__ios.h
Unpacking C:\Users\Owner\Desktop\ti-cgt-pru_2.1.2\include\e_new
Unpacking C:\Users\Owner\Desktop\ti-cgt-pru_2.1.2\include\stdexcept
Unpacking C:\Users\Owner\Desktop\ti-cgt-pru_2.1.2\include\s__string_operators.h
Unpacking C:\Users\Owner\Desktop\ti-cgt-pru_2.1.2\include\s__csignal.h
Unpacking C:\Users\Owner\Desktop\ti-cgt-pru_2.1.2\include\s__deque.c
Unpacking C:\Users\Owner\Desktop\ti-cgt-pru_2.1.2\include\s__num_get.c
Unpacking C:\Users\Owner\Desktop\ti-cgt-pru_2.1.2\include\s__limits.c
Unpacking C:\Users\Owner\Desktop\ti-cgt-pru_2.1.2\include\s__cstdarg.h
Unpacking C:\Users\Owner\Desktop\ti-cgt-pru_2.1.2\include\s__numeric.h
Unpacking C:\Users\Owner\Desktop\ti-cgt-pru_2.1.2\include\s__string_sum.h
Unpacking C:\Users\Owner\Desktop\ti-cgt-pru_2.1.2\include\s__carray.h
Unpacking C:\Users\Owner\Desktop\ti-cgt-pru_2.1.2\include\s__new.h
Unpacking C:\Users\Owner\Desktop\ti-cgt-pru_2.1.2\include\s__function_base.h
Unpacking C:\Users\Owner\Desktop\ti-cgt-pru_2.1.2\include\cpy_tbl.h
Unpacking C:\Users\Owner\Desktop\ti-cgt-pru_2.1.2\include\s__slist.h
Unpacking C:\Users\Owner\Desktop\ti-cgt-pru_2.1.2\include\s__istream.c
Unpacking C:\Users\Owner\Desktop\ti-cgt-pru_2.1.2\include\assert.h
Unpacking C:\Users\Owner\Desktop\ti-cgt-pru_2.1.2\include\s__string_io.h
Unpacking C:\Users\Owner\Desktop\ti-cgt-pru_2.1.2\include\csetjmp
Unpacking C:\Users\Owner\Desktop\ti-cgt-pru_2.1.2\include\iso646.h
Unpacking C:\Users\Owner\Desktop\ti-cgt-pru_2.1.2\include\s__hash_set.h
Unpacking C:\Users\Owner\Desktop\ti-cgt-pru_2.1.2\include\s__cprolog.h
Unpacking C:\Users\Owner\Desktop\ti-cgt-pru_2.1.2\include\numeric
Unpacking C:\Users\Owner\Desktop\ti-cgt-pru_2.1.2\include\s__alloc.h
Unpacking C:\Users\Owner\Desktop\ti-cgt-pru_2.1.2\include\s__ostream.h
Unpacking C:\Users\Owner\Desktop\ti-cgt-pru_2.1.2\include\s__cstddef.h
Unpacking C:\Users\Owner\Desktop\ti-cgt-pru_2.1.2\include\s__sstream.c
Unpacking C:\Users\Owner\Desktop\ti-cgt-pru_2.1.2\include\deque
Unpacking C:\Users\Owner\Desktop\ti-cgt-pru_2.1.2\include\s__construct.h
Unpacking C:\Users\Owner\Desktop\ti-cgt-pru_2.1.2\include\s__string_io.c
Unpacking C:\Users\Owner\Desktop\ti-cgt-pru_2.1.2\include\s__cwchar.h
Unpacking C:\Users\Owner\Desktop\ti-cgt-pru_2.1.2\include\s__monetary.c
Unpacking C:\Users\Owner\Desktop\ti-cgt-pru_2.1.2\include\iomanip
Unpacking C:\Users\Owner\Desktop\ti-cgt-pru_2.1.2\include\e_exception
Unpacking C:\Users\Owner\Desktop\ti-cgt-pru_2.1.2\include\s__range_errors.c
Unpacking C:\Users\Owner\Desktop\ti-cgt-pru_2.1.2\include\s__string.c
Unpacking C:\Users\Owner\Desktop\ti-cgt-pru_2.1.2\include\s__algobase.c
Unpacking C:\Users\Owner\Desktop\ti-cgt-pru_2.1.2\include\s__csetjmp.h
Unpacking C:\Users\Owner\Desktop\ti-cgt-pru_2.1.2\include\s__vector.h
Unpacking C:\Users\Owner\Desktop\ti-cgt-pru_2.1.2\include\s__pthread_alloc.h
Unpacking C:\Users\Owner\Desktop\ti-cgt-pru_2.1.2\include\cstddef
Unpacking C:\Users\Owner\Desktop\ti-cgt-pru_2.1.2\include\s__cstdlib.h
Unpacking C:\Users\Owner\Desktop\ti-cgt-pru_2.1.2\include\_isfuncdcl.h
Unpacking C:\Users\Owner\Desktop\ti-cgt-pru_2.1.2\include\s__ptrs_specialize.h
Unpacking C:\Users\Owner\Desktop\ti-cgt-pru_2.1.2\include\_reg_synch_api.h
Unpacking C:\Users\Owner\Desktop\ti-cgt-pru_2.1.2\include\s__algobase.h
Unpacking C:\Users\Owner\Desktop\ti-cgt-pru_2.1.2\include\list
Unpacking C:\Users\Owner\Desktop\ti-cgt-pru_2.1.2\include\cassert
Unpacking C:\Users\Owner\Desktop\ti-cgt-pru_2.1.2\include\s_type_traits.h
Unpacking C:\Users\Owner\Desktop\ti-cgt-pru_2.1.2\include\s__complex.h
Unpacking C:\Users\Owner\Desktop\ti-cgt-pru_2.1.2\include\valarray
Unpacking C:\Users\Owner\Desktop\ti-cgt-pru_2.1.2\include\s__locale.h
Unpacking C:\Users\Owner\Desktop\ti-cgt-pru_2.1.2\include\stdint.h
Unpacking C:\Users\Owner\Desktop\ti-cgt-pru_2.1.2\include\s__vector.c
Unpacking C:\Users\Owner\Desktop\ti-cgt-pru_2.1.2\include\s__iomanip.h
Unpacking C:\Users\Owner\Desktop\ti-cgt-pru_2.1.2\include\s__streambuf.c
Unpacking C:\Users\Owner\Desktop\ti-cgt-pru_2.1.2\include\s__bitset.c
Unpacking C:\Users\Owner\Desktop\ti-cgt-pru_2.1.2\include\s__tempbuf.h
Unpacking C:\Users\Owner\Desktop\ti-cgt-pru_2.1.2\include\s__facets_fwd.h
Unpacking C:\Users\Owner\Desktop\ti-cgt-pru_2.1.2\include\s__cstring.h
Unpacking C:\Users\Owner\Desktop\ti-cgt-pru_2.1.2\include\string
Unpacking C:\Users\Owner\Desktop\ti-cgt-pru_2.1.2\include\s__messages_facets.h
Unpacking C:\Users\Owner\Desktop\ti-cgt-pru_2.1.2\include\s__ioserr.h
Unpacking C:\Users\Owner\Desktop\ti-cgt-pru_2.1.2\include\s__ctype.h
Unpacking C:\Users\Owner\Desktop\ti-cgt-pru_2.1.2\include\s__prolog.h
Unpacking C:\Users\Owner\Desktop\ti-cgt-pru_2.1.2\include\functional
Unpacking C:\Users\Owner\Desktop\ti-cgt-pru_2.1.2\include\s__relops_cont.h
Unpacking C:\Users\Owner\Desktop\ti-cgt-pru_2.1.2\include\_tls.h
Unpacking C:\Users\Owner\Desktop\ti-cgt-pru_2.1.2\include\s__tree.h
Unpacking C:\Users\Owner\Desktop\ti-cgt-pru_2.1.2\include\_lock.h
Unpacking C:\Users\Owner\Desktop\ti-cgt-pru_2.1.2\include\s__stream_iterator.h
Unpacking C:\Users\Owner\Desktop\ti-cgt-pru_2.1.2\include\s__tempbuf.c
Unpacking C:\Users\Owner\Desktop\ti-cgt-pru_2.1.2\include\s_boost_type_traits.h
Unpacking C:\Users\Owner\Desktop\ti-cgt-pru_2.1.2\include\stdio.h
Unpacking C:\Users\Owner\Desktop\ti-cgt-pru_2.1.2\include\setjmp.h
Unpacking C:\Users\Owner\Desktop\ti-cgt-pru_2.1.2\include\s__string_base.h
Unpacking C:\Users\Owner\Desktop\ti-cgt-pru_2.1.2\include\s__hash_fun.h
Unpacking C:\Users\Owner\Desktop\ti-cgt-pru_2.1.2\include\rope
Unpacking C:\Users\Owner\Desktop\ti-cgt-pru_2.1.2\include\s_p__tools.h
Unpacking C:\Users\Owner\Desktop\ti-cgt-pru_2.1.2\include\s__rope.c
Unpacking C:\Users\Owner\Desktop\ti-cgt-pru_2.1.2\include\s_c__ti.h
Unpacking C:\Users\Owner\Desktop\ti-cgt-pru_2.1.2\include\s__heap.h
Unpacking C:\Users\Owner\Desktop\ti-cgt-pru_2.1.2\include\stdarg.h
Unpacking C:\Users\Owner\Desktop\ti-cgt-pru_2.1.2\include\s_c_user_config.h
Unpacking C:\Users\Owner\Desktop\ti-cgt-pru_2.1.2\include\s__valarray.h
Unpacking C:\Users\Owner\Desktop\ti-cgt-pru_2.1.2\include\math.h
Unpacking C:\Users\Owner\Desktop\ti-cgt-pru_2.1.2\include\_fmt_specifier.h
Unpacking C:\Users\Owner\Desktop\ti-cgt-pru_2.1.2\include\s_p__slist.h
Unpacking C:\Users\Owner\Desktop\ti-cgt-pru_2.1.2\include\s__hash_map.h
Unpacking C:\Users\Owner\Desktop\ti-cgt-pru_2.1.2\include\_reg_mutex_api.h
Unpacking C:\Users\Owner\Desktop\ti-cgt-pru_2.1.2\include\s__queue.h
Unpacking C:\Users\Owner\Desktop\ti-cgt-pru_2.1.2\include\errno.h
Unpacking C:\Users\Owner\Desktop\ti-cgt-pru_2.1.2\include\_data_synch.h
Unpacking C:\Users\Owner\Desktop\ti-cgt-pru_2.1.2\include\limits
Unpacking C:\Users\Owner\Desktop\ti-cgt-pru_2.1.2\include\pthread.h
Unpacking C:\Users\Owner\Desktop\ti-cgt-pru_2.1.2\include\s__algo.c
Unpacking C:\Users\Owner\Desktop\ti-cgt-pru_2.1.2\include\sstream
Unpacking C:\Users\Owner\Desktop\ti-cgt-pru_2.1.2\include\locale.h
Unpacking C:\Users\Owner\Desktop\ti-cgt-pru_2.1.2\include\s_p__deque.h
Unpacking C:\Users\Owner\Desktop\ti-cgt-pru_2.1.2\include\s__list.c
Unpacking C:\Users\Owner\Desktop\ti-cgt-pru_2.1.2\include\s__set.h
Unpacking C:\Users\Owner\Desktop\ti-cgt-pru_2.1.2\include\cpp_inline_math.h
Unpacking C:\Users\Owner\Desktop\ti-cgt-pru_2.1.2\include\s_type_manips.h
Unpacking C:\Users\Owner\Desktop\ti-cgt-pru_2.1.2\include\s__clocale.h
Unpacking C:\Users\Owner\Desktop\ti-cgt-pru_2.1.2\include\s__ostreambuf_iterator.h
Unpacking C:\Users\Owner\Desktop\ti-cgt-pru_2.1.2\include\strstream
Unpacking C:\Users\Owner\Desktop\ti-cgt-pru_2.1.2\include\s__iostream_string.h
Unpacking C:\Users\Owner\Desktop\ti-cgt-pru_2.1.2\include\_mutex.h
Unpacking C:\Users\Owner\Desktop\ti-cgt-pru_2.1.2\include\s__time_facets.c
Unpacking C:\Users\Owner\Desktop\ti-cgt-pru_2.1.2\include\s_c__epilog.h
Unpacking C:\Users\Owner\Desktop\ti-cgt-pru_2.1.2\include\s__istreambuf_iterator.h
Unpacking C:\Users\Owner\Desktop\ti-cgt-pru_2.1.2\include\s__auto_ptr.h
Unpacking C:\Users\Owner\Desktop\ti-cgt-pru_2.1.2\include\s_c__system.h
Unpacking C:\Users\Owner\Desktop\ti-cgt-pru_2.1.2\include\cctype
Unpacking C:\Users\Owner\Desktop\ti-cgt-pru_2.1.2\include\s__ostream.c
Unpacking C:\Users\Owner\Desktop\ti-cgt-pru_2.1.2\include\s_p__vector.h
Unpacking C:\Users\Owner\Desktop\ti-cgt-pru_2.1.2\include\s__numeric.c
Unpacking C:\Users\Owner\Desktop\ti-cgt-pru_2.1.2\include\ostream
Unpacking C:\Users\Owner\Desktop\ti-cgt-pru_2.1.2\bin\cgpru.exe
Unpacking C:\Users\Owner\Desktop\ti-cgt-pru_2.1.2\bin\nmpru.exe
Unpacking C:\Users\Owner\Desktop\ti-cgt-pru_2.1.2\bin\lnkpru.exe
Unpacking C:\Users\Owner\Desktop\ti-cgt-pru_2.1.2\bin\dispru.exe
Unpacking C:\Users\Owner\Desktop\ti-cgt-pru_2.1.2\bin\embedpru.exe
Unpacking C:\Users\Owner\Desktop\ti-cgt-pru_2.1.2\bin\arpru.exe
Unpacking C:\Users\Owner\Desktop\ti-cgt-pru_2.1.2\bin\clistpru.exe
Unpacking C:\Users\Owner\Desktop\ti-cgt-pru_2.1.2\bin\strippru.exe
Unpacking C:\Users\Owner\Desktop\ti-cgt-pru_2.1.2\bin\abspru.exe
Unpacking C:\Users\Owner\Desktop\ti-cgt-pru_2.1.2\bin\ofdpru.exe
Unpacking C:\Users\Owner\Desktop\ti-cgt-pru_2.1.2\bin\dempru.exe
Unpacking C:\Users\Owner\Desktop\ti-cgt-pru_2.1.2\bin\optpru.exe
Unpacking C:\Users\Owner\Desktop\ti-cgt-pru_2.1.2\bin\hexpru.exe
Unpacking C:\Users\Owner\Desktop\ti-cgt-pru_2.1.2\bin\xrefpru.exe
Unpacking C:\Users\Owner\Desktop\ti-cgt-pru_2.1.2\bin\ilkpru.exe
Unpacking C:\Users\Owner\Desktop\ti-cgt-pru_2.1.2\bin\acpiapru.exe
Unpacking C:\Users\Owner\Desktop\ti-cgt-pru_2.1.2\bin\libinfopru.exe
Unpacking C:\Users\Owner\Desktop\ti-cgt-pru_2.1.2\bin\clpru.exe
Unpacking C:\Users\Owner\Desktop\ti-cgt-pru_2.1.2\bin\asmpru.exe
Unpacking C:\Users\Owner\Desktop\ti-cgt-pru_2.1.2\man\man1\cgpru.1
Unpacking C:\Users\Owner\Desktop\ti-cgt-pru_2.1.2\man\man1\strippru.1
Unpacking C:\Users\Owner\Desktop\ti-cgt-pru_2.1.2\man\man1\ofdpru.1
Unpacking C:\Users\Owner\Desktop\ti-cgt-pru_2.1.2\man\man1\dempru.1
Unpacking C:\Users\Owner\Desktop\ti-cgt-pru_2.1.2\man\man1\xrefpru.1
Unpacking C:\Users\Owner\Desktop\ti-cgt-pru_2.1.2\man\man1\optpru.1
Unpacking C:\Users\Owner\Desktop\ti-cgt-pru_2.1.2\man\man1\acpiapru.1
Unpacking C:\Users\Owner\Desktop\ti-cgt-pru_2.1.2\man\man1\abspru.1
Unpacking C:\Users\Owner\Desktop\ti-cgt-pru_2.1.2\man\man1\hexpru.1
Unpacking C:\Users\Owner\Desktop\ti-cgt-pru_2.1.2\man\man1\clpru.1
Unpacking C:\Users\Owner\Desktop\ti-cgt-pru_2.1.2\man\man1\libinfopru.1
Unpacking C:\Users\Owner\Desktop\ti-cgt-pru_2.1.2\man\man1\asmpru.1
Unpacking C:\Users\Owner\Desktop\ti-cgt-pru_2.1.2\man\man1\embedpru.1
Unpacking C:\Users\Owner\Desktop\ti-cgt-pru_2.1.2\man\man1\ilkpru.1
Unpacking C:\Users\Owner\Desktop\ti-cgt-pru_2.1.2\man\man1\dispru.1
Unpacking C:\Users\Owner\Desktop\ti-cgt-pru_2.1.2\man\man1\nmpru.1
Unpacking C:\Users\Owner\Desktop\ti-cgt-pru_2.1.2\man\man1\lnkpru.1
Creating Uninstaller
Creating uninstaller 25%
Creating uninstaller 50%
Creating uninstaller 75%
Creating uninstaller 100%
Installation completed
Log finished 05/22/2016 at 20:27:20
