   1              	# 1 "../Startup/startup_XMC1100.S"
   1              	/**************************************************************************************************
   0              	
   0              	
   0              	
   2              	 * @file     startup_XMC1100.S
   3              	 * @brief    CMSIS Core Device Startup File for Infineon XMC1100 Device Series
   4              	 * @version  V1.14
   5              	 * @date     03 Sep 2015
   6              	 *
   7              	 * @cond
   8              	 **************************************************************************************************
   9              	 * Copyright (c) 2015, Infineon Technologies AG
  10              	 * All rights reserved.                        
  11              	 *                                             
  12              	 * Redistribution and use in source and binary forms, with or without modification,are permitted pr
  13              	 * following conditions are met:   
  14              	 *                                                                              
  15              	 * Redistributions of source code must retain the above copyright notice, this list of conditions a
  16              	 * disclaimer.                        
  17              	 * 
  18              	 * Redistributions in binary form must reproduce the above copyright notice, this list of condition
  19              	 * disclaimer in the documentation and/or other materials provided with the distribution.          
  20              	 * 
  21              	 * Neither the name of the copyright holders nor the names of its contributors may be used to endor
  22              	 * products derived from this software without specific prior written permission.                  
  23              	 *                                                                              
  24              	 * THIS SOFTWARE IS PROVIDED BY THE COPYRIGHT HOLDERS AND CONTRIBUTORS "AS IS" AND ANY EXPRESS OR I
  25              	 * INCLUDING, BUT NOT LIMITED TO, THE IMPLIED WARRANTIES OF MERCHANTABILITY AND FITNESS FOR A PARTI
  26              	 * DISCLAIMED. IN NO EVENT SHALL THE COPYRIGHT HOLDER OR CONTRIBUTORS BE LIABLE  FOR ANY DIRECT, IN
  27              	 * SPECIAL, EXEMPLARY, OR CONSEQUENTIAL DAMAGES (INCLUDING, BUT NOT LIMITED TO, PROCUREMENT OF SUBS
  28              	 * SERVICES; LOSS OF USE, DATA, OR PROFITS; OR BUSINESS INTERRUPTION) HOWEVER CAUSED AND ON ANY THE
  29              	 * WHETHER IN CONTRACT, STRICT LIABILITY,OR TORT (INCLUDING NEGLIGENCE OR OTHERWISE) ARISING IN ANY
  30              	 * OF THIS SOFTWARE, EVEN IF ADVISED OF THE POSSIBILITY OF SUCH DAMAGE.                            
  31              	 *                                                                              
  32              	 * To improve the quality of the software, users are encouraged to share modifications, enhancement
  33              	 * Infineon Technologies AG dave@infineon.com).                                                    
  34              	 **************************************************************************************************
  35              	 *
  36              	 **************************** Change history ********************************
  37              	 * V1.0, Oct, 02, 2012 PKB:Startup file for XMC1  
  38              	 * V1.1, Oct, 19, 2012 PKB:ERU and MATH interrupt handlers  
  39              	 * V1.2, Nov, 02, 2012 PKB:Renamed AllowPLLInitByStartup to AllowClkInitByStartup  
  40              	 * V1.3, Dec, 11, 2012 PKB:Attributes of .XmcVeneerCode section changed  
  41              	 * V1.4, Dec, 13, 2012 PKB:Removed unwanted interrupts/veneers  
  42              	 * V1.5, Jan, 26, 2013 PKB:Corrected the SSW related entries  
  43              	 * V1.6, Feb, 13, 2013 PKB:Relative path to Device_Data.h  
  44              	 * V1.7, Feb, 19, 2013 PKB:Included XMC1100_SCU.inc
  45              	 * V1.8, Jan, 24, 2014 PKB:Removed AllowClkInitStartup and DAVE Extended init
  46              	 * V1.9, Feb, 05, 2014 PKB:Removed redundant alignment code from copy+clear funcs
  47              	 * V1.10, Feb, 14, 2014 PKB:Added software_init_hook and hardware_init_hook
  48              	 * V1.11, May, 06, 2014 JFT:__COPY_FLASH2RAM to initialize ram 
  49              	 *                          Added ram_code section initialization
  50              	 * V1.12, Sep, 29, 2014 JFT:One single default handler
  51              	 *                          Device_Data.h not included, user may use CLKVAL1_SSW
  52              	 *                          and CLKVAL2_SSW.
  53              	 *                          software_init_hook and hardware_init_hook removed
  54              	 *                          Misc optimizations
  55              	 * V1.13, Dec, 11,2014 JFT:Default clocking changed, MCLK=32MHz and PCLK=64MHz
  56              	 * V1.14, Sep, 03,2015 JFT:SSW default clocking changed, MCLK=8MHz and PCLK=16MHz avoid problems wi
  57              	 *
  58              	 * @endcond 
  59              	 */
  60              	
  61              	/*****************************************************************************
  62              	 * <h> Clock system handling by SSW
  63              	 *   <h> CLK_VAL1 Configuration
  64              	 *    <o0.0..7>    FDIV Fractional Divider Selection
  65              	 *    <i> Deafult: 0. Fractional part of clock divider, MCLK = DCO1 / (2 x (IDIV + (FDIV / 256)))
  66              	 *    <o0.8..15>   IDIV Divider Selection (limited to 1-16)
  67              	 *                    <0=> Divider is bypassed
  68              	 *                    <1=> MCLK = 32 MHz
  69              	 *                    <2=> MCLK = 16 MHz
  70              	 *                    <3=> MCLK = 10.67 MHz
  71              	 *                    <4=> MCLK = 8 MHz
  72              	 *                    <254=> MCLK = 126 kHz
  73              	 *                    <255=> MCLK = 125.5 kHz
  74              	 *    <i> Deafult: 4. Interger part of clock divider, MCLK = DCO1 / (2 x (IDIV + (FDIV / 256))) = 8
  75              	 *    <o0.16>      PCLKSEL PCLK Clock Select
  76              	 *                    <0=> PCLK = MCLK
  77              	 *                    <1=> PCLK = 2 x MCLK
  78              	 *    <i> Deafult: 2 x MCLK
  79              	 *    <o0.17..19>  RTCCLKSEL RTC Clock Select
  80              	 *                    <0=> 32.768kHz standby clock
  81              	 *                    <1=> 32.768kHz external clock from ERU0.IOUT0
  82              	 *                    <2=> 32.768kHz external clock from ACMP0.OUT
  83              	 *                    <3=> 32.768kHz external clock from ACMP1.OUT
  84              	 *                    <4=> 32.768kHz external clock from ACMP2.OUT
  85              	 *                    <5=> Reserved
  86              	 *                    <6=> Reserved
  87              	 *                    <7=> Reserved
  88              	 *    <i> Deafult: 32.768kHz standby clock 
  89              	 *    <o0.31>      do not move CLK_VAL1 to SCU_CLKCR[0..19]
  90              	 *  </h>
  91              	 *****************************************************************************/
  92              	#define CLKVAL1_SSW 0x00010400
  93              	
  94              	/*****************************************************************************
  95              	 *  <h> CLK_VAL2 Configuration
  96              	 *    <o0.0>    disable VADC and SHS Gating
  97              	 *    <o0.1>    disable CCU80 Gating
  98              	 *    <o0.2>    disable CCU40 Gating
  99              	 *    <o0.3>    disable USIC0 Gating
 100              	 *    <o0.4>    disable BCCU0 Gating
 101              	 *    <o0.5>    disable LEDTS0 Gating
 102              	 *    <o0.6>    disable LEDTS1 Gating
 103              	 *    <o0.7>    disable POSIF0 Gating
 104              	 *    <o0.8>    disable MATH Gating
 105              	 *    <o0.9>    disable WDT Gating
 106              	 *    <o0.10>   disable RTC Gating
 107              	 *    <o0.31>   do not move CLK_VAL2 to SCU_CGATCLR0[0..10]
 108              	 *  </h>
 109              	 *****************************************************************************/
 110              	#define CLKVAL2_SSW 0x80000000
 111              	
 112              	/* A macro to define vector table entries */
 113              	.macro Entry Handler
 114              	    .long \Handler
 115              	.endm
 116              	
 117              	/* A couple of macros to ease definition of the various handlers */
 118              	.macro Insert_ExceptionHandler Handler_Func 
 119              	    .weak \Handler_Func
 120              	    .thumb_set \Handler_Func, Default_handler
 121              	.endm    
 122              	
 123              	/* ================== START OF VECTOR TABLE DEFINITION ====================== */
 124              	/* Vector Table - This is indirectly branched to through the veneers */
 125              	    .syntax unified   
 126              	    .cpu cortex-m0
 127              	
 128              	    .section ".reset"
 129              	    
 130              	 	.align 2
 131              	    
 132              	    .globl  __Vectors
 134              	__Vectors:
 135 0000 00000000 	    .long   __initial_sp                /* Top of Stack                 */
 136 0004 00000000 	    .long   Reset_Handler               /* Reset Handler                */
 137              	/* 
 138              	 * All entries below are redundant for M0, but are retained because they can
 139              	 * in the future be directly ported to M0 Plus devices.
 140              	 */
 141 0008 00000000 	    .long   0                           /* Reserved                     */
 142 000c 00000000 	    Entry   HardFault_Handler           /* Hard Fault Handler           */
 143 0010 00040100 	    .long   CLKVAL1_SSW                 /* Reserved                     */
 144 0014 00000080 	    .long   CLKVAL2_SSW                 /* Reserved                     */
 145              	#ifdef RETAIN_VECTOR_TABLE
 146              	    .long   0                           /* Reserved                     */
 147              	    .long   0                           /* Reserved                     */
 148              	    .long   0                           /* Reserved                     */
 149              	    .long   0                           /* Reserved                     */
 150              	    .long   0                           /* Reserved                     */
 151              	    Entry   SVC_Handler                 /* SVCall Handler               */
 152              	    .long   0                           /* Reserved                     */
 153              	    .long   0                           /* Reserved                     */
 154              	    Entry   PendSV_Handler              /* PendSV Handler               */
 155              	    Entry   SysTick_Handler             /* SysTick Handler              */
 156              	
 157              	    /* Interrupt Handlers for Service Requests (SR) from XMC1100 Peripherals */
 158              	    Entry   SCU_0_IRQHandler            /* Handler name for SR SCU_0     */
 159              	    Entry   SCU_1_IRQHandler            /* Handler name for SR SCU_1     */
 160              	    Entry   SCU_2_IRQHandler            /* Handler name for SR SCU_2     */
 161              	    Entry   ERU0_0_IRQHandler           /* Handler name for SR ERU0_0    */
 162              	    Entry   ERU0_1_IRQHandler           /* Handler name for SR ERU0_1    */
 163              	    Entry   ERU0_2_IRQHandler           /* Handler name for SR ERU0_2    */
 164              	    Entry   ERU0_3_IRQHandler           /* Handler name for SR ERU0_3    */
 165              	    .long   0                           /* Not Available                 */
 166              	    .long   0                           /* Not Available                 */
 167              	    Entry   USIC0_0_IRQHandler          /* Handler name for SR USIC0_0   */
 168              	    Entry   USIC0_1_IRQHandler          /* Handler name for SR USIC0_1   */
 169              	    Entry   USIC0_2_IRQHandler          /* Handler name for SR USIC0_2   */
 170              	    Entry   USIC0_3_IRQHandler          /* Handler name for SR USIC0_3   */
 171              	    Entry   USIC0_4_IRQHandler          /* Handler name for SR USIC0_4   */
 172              	    Entry   USIC0_5_IRQHandler          /* Handler name for SR USIC0_5   */
 173              	    Entry   VADC0_C0_0_IRQHandler       /* Handler name for SR VADC0_C0_0  */
 174              	    Entry   VADC0_C0_1_IRQHandler       /* Handler name for SR VADC0_C0_1  */
 175              	    .long   0                           /* Not Available                 */
 176              	    .long   0                           /* Not Available                 */
 177              	    .long   0                           /* Not Available                 */
 178              	    .long   0                           /* Not Available                 */
 179              	    Entry   CCU40_0_IRQHandler          /* Handler name for SR CCU40_0   */
 180              	    Entry   CCU40_1_IRQHandler          /* Handler name for SR CCU40_1   */
 181              	    Entry   CCU40_2_IRQHandler          /* Handler name for SR CCU40_2   */
 182              	    Entry   CCU40_3_IRQHandler          /* Handler name for SR CCU40_3   */
 183              	    .long   0                           /* Not Available                 */
 184              	    .long   0                           /* Not Available                 */
 185              	    .long   0                           /* Not Available                 */
 186              	    .long   0                           /* Not Available                 */
 187              	    .long   0                           /* Not Available                 */
 188              	    .long   0                           /* Not Available                 */
 189              	    .long   0                           /* Not Available                 */
 190              	#endif
 191              	
 193              	/* ================== END OF VECTOR TABLE DEFINITION ======================= */
 194              	
 195              	/* ================== START OF VECTOR ROUTINES ============================= */
 196              	
 197              	    .thumb 
 198              		.align 1
 199              	 
 200              	/* Reset Handler */
 201              	    .thumb_func 
 202              	    .globl  Reset_Handler
 204              	Reset_Handler: 
 205              	/* Initialize interrupt veneer */
 206 0018 1149     		ldr	r1, =eROData
 207 001a 124A     		ldr	r2, =VeneerStart
 208 001c 124B     		ldr	r3, =VeneerEnd
 209 001e 00F018F8 		bl  __copy_data
 210              	
 211 0022 1248     	    ldr  r0, =SystemInit
 212 0024 8047     	    blx  r0
 213              		
 214              	/* Initialize data */
 215 0026 1249     		ldr	r1, =DataLoadAddr
 216 0028 124A     		ldr	r2, =__data_start
 217 002a 134B     		ldr	r3, =__data_end
 218 002c 00F011F8 		bl  __copy_data
 219              	
 220              	/* RAM code */
 221 0030 1249     		ldr	r1, =__ram_code_load
 222 0032 134A     		ldr	r2, =__ram_code_start
 223 0034 134B     		ldr	r3, =__ram_code_end
 224 0036 00F00CF8 		bl  __copy_data
 225              	
 226              	/*  Define __SKIP_BSS_CLEAR to disable zeroing uninitialzed data in startup.
 227              	 *  The BSS section is specified by following symbols
 228              	 *    __bss_start__: start of the BSS section.
 229              	 *    __bss_end__: end of the BSS section.
 230              	 *
 231              	 *  Both addresses must be aligned to 4 bytes boundary.
 232              	 */
 233              	#ifndef __SKIP_BSS_CLEAR
 234 003a 1349     		ldr	r1, =__bss_start
 235 003c 134A     		ldr	r2, =__bss_end
 236              	
 237 003e 0020     		movs	r0, 0
 238              	
 239 0040 521A     		subs	r2, r1
 240 0042 02DD     		ble	.L_loop3_done
 241              	
 242              	.L_loop3:
 243 0044 043A     		subs	r2, #4
 244 0046 8850     		str	r0, [r1, r2]
 245 0048 FCDC     		bgt	.L_loop3
 246              	.L_loop3_done:
 247              	#endif /* __SKIP_BSS_CLEAR */
 248              	
 249              	#ifndef __SKIP_LIBC_INIT_ARRAY
 250 004a 1148     	    ldr  r0, =__libc_init_array
 251 004c 8047     	    blx  r0
 252              	#endif
 253              	
 254 004e 1148     	    ldr  r0, =main
 255 0050 8047     	    blx  r0
 256              	
 257              	    .thumb_func
 259              	__copy_data:
 260              	/*  The ranges of copy from/to are specified by following symbols
 261              	 *    r1: start of the section to copy from.
 262              	 *    r2: start of the section to copy to
 263              	 *    r3: end of the section to copy to
 264              	 *
 265              	 *  All addresses must be aligned to 4 bytes boundary.
 266              	 *  Uses r0
 267              	 */
 268 0052 9B1A     		subs	r3, r2
 269 0054 03DD     		ble	.L_loop_done
 270              	
 271              	.L_loop:
 272 0056 043B     		subs	r3, #4
 273 0058 C858     		ldr	r0, [r1,r3]
 274 005a D050     		str	r0, [r2,r3]
 275 005c FBDC     		bgt	.L_loop
 276              	
 277              	.L_loop_done:
 278 005e 7047     		bx  lr
 279              	
 280 0060 00000000 		.pool
 280      00000000 
 280      00000000 
 280      00000000 
 280      00000000 
 282              	/* ======================================================================== */
 283              	/* ========== START OF EXCEPTION HANDLER DEFINITION ======================== */
 284              	
 285              		.align 1
 286              	    
 287              	    .thumb_func
 288              	    .weak Default_handler
 290              	Default_handler:
 291 0098 FEE7     	    b  .
 293              	
 294              	    Insert_ExceptionHandler HardFault_Handler
 295              	    Insert_ExceptionHandler SVC_Handler
 296              	    Insert_ExceptionHandler PendSV_Handler
 297              	    Insert_ExceptionHandler SysTick_Handler
 298              	
 299              	    Insert_ExceptionHandler SCU_0_IRQHandler
 300              	    Insert_ExceptionHandler SCU_1_IRQHandler
 301              	    Insert_ExceptionHandler SCU_2_IRQHandler
 302              	    Insert_ExceptionHandler ERU0_0_IRQHandler
 303              	    Insert_ExceptionHandler ERU0_1_IRQHandler
 304              	    Insert_ExceptionHandler ERU0_2_IRQHandler
 305              	    Insert_ExceptionHandler ERU0_3_IRQHandler
 306              	    Insert_ExceptionHandler VADC0_C0_0_IRQHandler
 307              	    Insert_ExceptionHandler VADC0_C0_1_IRQHandler
 308              	    Insert_ExceptionHandler CCU40_0_IRQHandler
 309              	    Insert_ExceptionHandler CCU40_1_IRQHandler
 310              	    Insert_ExceptionHandler CCU40_2_IRQHandler
 311              	    Insert_ExceptionHandler CCU40_3_IRQHandler
 312              	    Insert_ExceptionHandler USIC0_0_IRQHandler
 313              	    Insert_ExceptionHandler USIC0_1_IRQHandler
 314              	    Insert_ExceptionHandler USIC0_2_IRQHandler
 315              	    Insert_ExceptionHandler USIC0_3_IRQHandler
 316              	    Insert_ExceptionHandler USIC0_4_IRQHandler
 317              	    Insert_ExceptionHandler USIC0_5_IRQHandler
 318              	   
 319              	/* ======================================================================== */
 320              	
 321              	/* ==================VENEERS VENEERS VENEERS VENEERS VENEERS=============== */
 322 009a 0000     	    .section ".XmcVeneerCode","ax",%progbits
 323              	    
 324              	    .align 1
 325              	    
 326              	    .globl HardFault_Veneer
 327              	HardFault_Veneer:
 328 0000 2C48     	    LDR R0, =HardFault_Handler
 329 0002 8746     	    MOV PC,R0
 330 0004 00000000 	    .long 0
 331 0008 00000000 	    .long 0
 332 000c 00000000 	    .long 0
 333 0010 00000000 	    .long 0
 334 0014 00000000 	    .long 0
 335 0018 00000000 	    .long 0
 336 001c 00000000 	    .long 0
 337              	    
 338              	/* ======================================================================== */
 339              	    .globl SVC_Veneer
 340              	SVC_Veneer:
 341 0020 2548     	    LDR R0, =SVC_Handler
 342 0022 8746     	    MOV PC,R0
 343 0024 00000000 	    .long 0
 344 0028 00000000 	    .long 0
 345              	/* ======================================================================== */
 346              	    .globl PendSV_Veneer
 347              	PendSV_Veneer:
 348 002c 2348     	    LDR R0, =PendSV_Handler
 349 002e 8746     	    MOV PC,R0
 350              	/* ======================================================================== */
 351              	    .globl SysTick_Veneer 
 352              	SysTick_Veneer:
 353 0030 2348     	    LDR R0, =SysTick_Handler
 354 0032 8746     	    MOV PC,R0
 355              	/* ======================================================================== */
 356              	    .globl SCU_0_Veneer 
 357              	SCU_0_Veneer:
 358 0034 2348     	    LDR R0, =SCU_0_IRQHandler
 359 0036 8746     	    MOV PC,R0
 360              	/* ======================================================================== */
 361              	    .globl SCU_1_Veneer 
 362              	SCU_1_Veneer:
 363 0038 2348     	    LDR R0, =SCU_1_IRQHandler
 364 003a 8746     	    MOV PC,R0
 365              	/* ======================================================================== */
 366              	    .globl SCU_2_Veneer
 367              	SCU_2_Veneer:
 368 003c 2348     	    LDR R0, =SCU_2_IRQHandler
 369 003e 8746     	    MOV PC,R0
 370              	/* ======================================================================== */
 371              	    .globl SCU_3_Veneer 
 372              	SCU_3_Veneer:
 373 0040 2348     	    LDR R0, =ERU0_0_IRQHandler
 374 0042 8746     	    MOV PC,R0
 375              	/* ======================================================================== */
 376              	    .globl SCU_4_Veneer 
 377              	SCU_4_Veneer:
 378 0044 2348     	    LDR R0, =ERU0_1_IRQHandler
 379 0046 8746     	    MOV PC,R0
 380              	/* ======================================================================== */
 381              	    .globl SCU_5_Veneer 
 382              	SCU_5_Veneer:
 383 0048 2348     	    LDR R0, =ERU0_2_IRQHandler
 384 004a 8746     	    MOV PC,R0
 385              	/* ======================================================================== */
 386              	    .globl SCU_6_Veneer 
 387              	SCU_6_Veneer:
 388 004c 2348     	    LDR R0, =ERU0_3_IRQHandler
 389 004e 8746     	    MOV PC,R0
 390 0050 00000000 	    .long 0
 391 0054 00000000 	    .long 0
 392              	/* ======================================================================== */
 393              	    .globl USIC0_0_Veneer
 394              	USIC0_0_Veneer:
 395 0058 2148     	    LDR R0, =USIC0_0_IRQHandler
 396 005a 8746     	    MOV PC,R0
 397              	/* ======================================================================== */
 398              	    .globl USIC0_1_Veneer
 399              	USIC0_1_Veneer:
 400 005c 2148     	    LDR R0, =USIC0_1_IRQHandler
 401 005e 8746     	    MOV PC,R0
 402              	/* ======================================================================== */
 403              	    .globl USIC0_2_Veneer
 404              	USIC0_2_Veneer:
 405 0060 2148     	    LDR R0, =USIC0_2_IRQHandler
 406 0062 8746     	    MOV PC,R0
 407              	/* ======================================================================== */
 408              	    .globl USIC0_3_Veneer
 409              	USIC0_3_Veneer:
 410 0064 2148     	    LDR R0, =USIC0_3_IRQHandler
 411 0066 8746     	    MOV PC,R0
 412              	/* ======================================================================== */
 413              	    .globl USIC0_4_Veneer
 414              	USIC0_4_Veneer:
 415 0068 2148     	    LDR R0, =USIC0_4_IRQHandler
 416 006a 8746     	    MOV PC,R0
 417              	/* ======================================================================== */
 418              	    .globl USIC0_5_Veneer
 419              	USIC0_5_Veneer:
 420 006c 2148     	    LDR R0, =USIC0_5_IRQHandler
 421 006e 8746     	    MOV PC,R0
 422              	/* ======================================================================== */
 423              	    .globl VADC0_C0_0_Veneer 
 424              	VADC0_C0_0_Veneer:
 425 0070 2148     	    LDR R0, =VADC0_C0_0_IRQHandler
 426 0072 8746     	    MOV PC,R0
 427              	/* ======================================================================== */
 428              	    .globl VADC0_C0_1_Veneer
 429              	VADC0_C0_1_Veneer:
 430 0074 2148     	    LDR R0, =VADC0_C0_1_IRQHandler
 431 0076 8746     	    MOV PC,R0
 432 0078 00000000 	    .long 0
 433 007c 00000000 	    .long 0
 434 0080 00000000 	    .long 0
 435 0084 00000000 	    .long 0
 436              	/* ======================================================================== */
 437              	    .globl CCU40_0_Veneer
 438              	CCU40_0_Veneer:
 439 0088 1D48     	    LDR R0, =CCU40_0_IRQHandler
 440 008a 8746     	    MOV PC,R0
 441              	/* ======================================================================== */
 442              	    .globl CCU40_1_Veneer
 443              	CCU40_1_Veneer:
 444 008c 1D48     	    LDR R0, =CCU40_1_IRQHandler
 445 008e 8746     	    MOV PC,R0
 446              	/* ======================================================================== */
 447              	    .globl CCU40_2_Veneer
 448              	CCU40_2_Veneer:
 449 0090 1D48     	    LDR R0, =CCU40_2_IRQHandler
 450 0092 8746     	    MOV PC,R0
 451              	/* ======================================================================== */
 452              	    .globl CCU40_3_Veneer
 453              	CCU40_3_Veneer:
 454 0094 1D48     	    LDR R0, =CCU40_3_IRQHandler
 455 0096 8746     	    MOV PC,R0
 456 0098 00000000 	    .long 0
 457 009c 00000000 	    .long 0
 458 00a0 00000000 	    .long 0
 459 00a4 00000000 	    .long 0
 460 00a8 00000000 	    .long 0
 461 00ac 00000000 	    .long 0
 462 00b0 00000000 	    .long 0
 463              	
 464              	/* ======================================================================== */
 465              	/* ======================================================================== */
 466              	
 467              	/* ============= END OF INTERRUPT HANDLER DEFINITION ======================== */
 468              	
 469 00b4 00000000 	    .end
 469      00000000 
 469      00000000 
 469      00000000 
 469      00000000 
DEFINED SYMBOLS
../Startup/startup_XMC1100.S:130    .reset:00000000 $d
../Startup/startup_XMC1100.S:134    .reset:00000000 __Vectors
../Startup/startup_XMC1100.S:204    .reset:00000018 Reset_Handler
../Startup/startup_XMC1100.S:290    .reset:00000098 HardFault_Handler
../Startup/startup_XMC1100.S:206    .reset:00000018 $t
../Startup/startup_XMC1100.S:259    .reset:00000052 __copy_data
../Startup/startup_XMC1100.S:280    .reset:00000060 $d
../Startup/startup_XMC1100.S:290    .reset:00000098 Default_handler
../Startup/startup_XMC1100.S:291    .reset:00000098 $t
../Startup/startup_XMC1100.S:290    .reset:00000098 SVC_Handler
../Startup/startup_XMC1100.S:290    .reset:00000098 PendSV_Handler
../Startup/startup_XMC1100.S:290    .reset:00000098 SysTick_Handler
../Startup/startup_XMC1100.S:290    .reset:00000098 SCU_0_IRQHandler
../Startup/startup_XMC1100.S:290    .reset:00000098 SCU_1_IRQHandler
../Startup/startup_XMC1100.S:290    .reset:00000098 SCU_2_IRQHandler
../Startup/startup_XMC1100.S:290    .reset:00000098 ERU0_0_IRQHandler
../Startup/startup_XMC1100.S:290    .reset:00000098 ERU0_1_IRQHandler
../Startup/startup_XMC1100.S:290    .reset:00000098 ERU0_2_IRQHandler
../Startup/startup_XMC1100.S:290    .reset:00000098 ERU0_3_IRQHandler
../Startup/startup_XMC1100.S:290    .reset:00000098 VADC0_C0_0_IRQHandler
../Startup/startup_XMC1100.S:290    .reset:00000098 VADC0_C0_1_IRQHandler
../Startup/startup_XMC1100.S:290    .reset:00000098 CCU40_0_IRQHandler
../Startup/startup_XMC1100.S:290    .reset:00000098 CCU40_1_IRQHandler
../Startup/startup_XMC1100.S:290    .reset:00000098 CCU40_2_IRQHandler
../Startup/startup_XMC1100.S:290    .reset:00000098 CCU40_3_IRQHandler
../Startup/startup_XMC1100.S:290    .reset:00000098 USIC0_0_IRQHandler
../Startup/startup_XMC1100.S:290    .reset:00000098 USIC0_1_IRQHandler
../Startup/startup_XMC1100.S:290    .reset:00000098 USIC0_2_IRQHandler
../Startup/startup_XMC1100.S:290    .reset:00000098 USIC0_3_IRQHandler
../Startup/startup_XMC1100.S:290    .reset:00000098 USIC0_4_IRQHandler
../Startup/startup_XMC1100.S:290    .reset:00000098 USIC0_5_IRQHandler
../Startup/startup_XMC1100.S:324    .XmcVeneerCode:00000000 $t
../Startup/startup_XMC1100.S:327    .XmcVeneerCode:00000000 HardFault_Veneer
../Startup/startup_XMC1100.S:330    .XmcVeneerCode:00000004 $d
../Startup/startup_XMC1100.S:340    .XmcVeneerCode:00000020 SVC_Veneer
../Startup/startup_XMC1100.S:341    .XmcVeneerCode:00000020 $t
../Startup/startup_XMC1100.S:343    .XmcVeneerCode:00000024 $d
../Startup/startup_XMC1100.S:347    .XmcVeneerCode:0000002c PendSV_Veneer
../Startup/startup_XMC1100.S:348    .XmcVeneerCode:0000002c $t
../Startup/startup_XMC1100.S:352    .XmcVeneerCode:00000030 SysTick_Veneer
../Startup/startup_XMC1100.S:357    .XmcVeneerCode:00000034 SCU_0_Veneer
../Startup/startup_XMC1100.S:362    .XmcVeneerCode:00000038 SCU_1_Veneer
../Startup/startup_XMC1100.S:367    .XmcVeneerCode:0000003c SCU_2_Veneer
../Startup/startup_XMC1100.S:372    .XmcVeneerCode:00000040 SCU_3_Veneer
../Startup/startup_XMC1100.S:377    .XmcVeneerCode:00000044 SCU_4_Veneer
../Startup/startup_XMC1100.S:382    .XmcVeneerCode:00000048 SCU_5_Veneer
../Startup/startup_XMC1100.S:387    .XmcVeneerCode:0000004c SCU_6_Veneer
../Startup/startup_XMC1100.S:390    .XmcVeneerCode:00000050 $d
../Startup/startup_XMC1100.S:394    .XmcVeneerCode:00000058 USIC0_0_Veneer
../Startup/startup_XMC1100.S:395    .XmcVeneerCode:00000058 $t
../Startup/startup_XMC1100.S:399    .XmcVeneerCode:0000005c USIC0_1_Veneer
../Startup/startup_XMC1100.S:404    .XmcVeneerCode:00000060 USIC0_2_Veneer
../Startup/startup_XMC1100.S:409    .XmcVeneerCode:00000064 USIC0_3_Veneer
../Startup/startup_XMC1100.S:414    .XmcVeneerCode:00000068 USIC0_4_Veneer
../Startup/startup_XMC1100.S:419    .XmcVeneerCode:0000006c USIC0_5_Veneer
../Startup/startup_XMC1100.S:424    .XmcVeneerCode:00000070 VADC0_C0_0_Veneer
../Startup/startup_XMC1100.S:429    .XmcVeneerCode:00000074 VADC0_C0_1_Veneer
../Startup/startup_XMC1100.S:432    .XmcVeneerCode:00000078 $d
../Startup/startup_XMC1100.S:438    .XmcVeneerCode:00000088 CCU40_0_Veneer
../Startup/startup_XMC1100.S:439    .XmcVeneerCode:00000088 $t
../Startup/startup_XMC1100.S:443    .XmcVeneerCode:0000008c CCU40_1_Veneer
../Startup/startup_XMC1100.S:448    .XmcVeneerCode:00000090 CCU40_2_Veneer
../Startup/startup_XMC1100.S:453    .XmcVeneerCode:00000094 CCU40_3_Veneer
../Startup/startup_XMC1100.S:456    .XmcVeneerCode:00000098 $d
                   .debug_aranges:0000000c $d
../Startup/startup_XMC1100.S:322    .reset:0000009a $d

UNDEFINED SYMBOLS
__initial_sp
eROData
VeneerStart
VeneerEnd
SystemInit
DataLoadAddr
__data_start
__data_end
__ram_code_load
__ram_code_start
__ram_code_end
__bss_start
__bss_end
__libc_init_array
main
